{"numTotalTestSuites":146,"numPassedTestSuites":138,"numFailedTestSuites":8,"numPendingTestSuites":0,"numTotalTests":366,"numPassedTests":350,"numFailedTests":16,"numPendingTests":0,"numTodoTests":0,"snapshot":{"added":0,"failure":false,"filesAdded":0,"filesRemoved":0,"filesRemovedList":[],"filesUnmatched":0,"filesUpdated":0,"matched":0,"total":0,"unchecked":0,"uncheckedKeysByFile":[],"unmatched":0,"updated":0,"didUpdate":false},"startTime":1786993827037,"success":false,"testResults":[{"assertionResults":[{"ancestorTitles":["boost — contrato sin token de cliente"],"fullName":"boost — contrato sin token de cliente acepta un boost válido","status":"passed","title":"acepta un boost válido","duration":5.04849999999999,"failureMessages":[],"meta":{}},{"ancestorTitles":["boost — contrato sin token de cliente"],"fullName":"boost — contrato sin token de cliente descarta pageToken aunque el cliente lo envíe (nunca llega al handler)","status":"passed","title":"descarta pageToken aunque el cliente lo envíe (nunca llega al handler)","duration":0.7951000000000477,"failureMessages":[],"meta":{}},{"ancestorTitles":["boost — contrato sin token de cliente"],"fullName":"boost — contrato sin token de cliente rechaza sin confirmed_by_user","status":"passed","title":"rechaza sin confirmed_by_user","duration":1.0516000000000076,"failureMessages":[],"meta":{}},{"ancestorTitles":["boost — contrato sin token de cliente"],"fullName":"boost — contrato sin token de cliente rechaza presupuestos y duraciones fuera de rango","status":"passed","title":"rechaza presupuestos y duraciones fuera de rango","duration":1.6766999999999825,"failureMessages":[],"meta":{}},{"ancestorTitles":["boost — contrato sin token de cliente"],"fullName":"boost — contrato sin token de cliente rechaza países que no son ISO-2 e IDs malformados","status":"passed","title":"rechaza países que no son ISO-2 e IDs malformados","duration":1.125099999999975,"failureMessages":[],"meta":{}}],"startTime":1786993829471,"endTime":1786993829481.125,"status":"passed","message":"","name":"D:/Proyectos/Zefirus/tests/ads-boost.test.ts"},{"assertionResults":[{"ancestorTitles":["calcROAS"],"fullName":"calcROAS uses purchase_roas when present","status":"passed","title":"uses purchase_roas when present","duration":2.266899999999964,"failureMessages":[],"meta":{}},{"ancestorTitles":["calcROAS"],"fullName":"calcROAS falls back to action_values / spend (omni_purchase)","status":"passed","title":"falls back to action_values / spend (omni_purchase)","duration":0.40399999999999636,"failureMessages":[],"meta":{}},{"ancestorTitles":["calcROAS"],"fullName":"calcROAS returns 0 when there is no usable data","status":"passed","title":"returns 0 when there is no usable data","duration":0.26480000000003656,"failureMessages":[],"meta":{}},{"ancestorTitles":["findActionValue"],"fullName":"findActionValue extracts a matching action value as a number","status":"passed","title":"extracts a matching action value as a number","duration":0.24070000000006075,"failureMessages":[],"meta":{}},{"ancestorTitles":["findActionValue"],"fullName":"findActionValue returns 0 for a missing action or bad input","status":"passed","title":"returns 0 for a missing action or bad input","duration":0.2502999999999247,"failureMessages":[],"meta":{}},{"ancestorTitles":["calcCPA"],"fullName":"calcCPA computes CPL from leads","status":"passed","title":"computes CPL from leads","duration":1.2011000000001104,"failureMessages":[],"meta":{}},{"ancestorTitles":["calcCPA"],"fullName":"calcCPA returns 0/CPA when spend is 0","status":"passed","title":"returns 0/CPA when spend is 0","duration":0.25549999999998363,"failureMessages":[],"meta":{}},{"ancestorTitles":["calcCPA"],"fullName":"calcCPA computes CPC from link_click when no higher-priority actions exist","status":"passed","title":"computes CPC from link_click when no higher-priority actions exist","duration":0.22730000000001382,"failureMessages":[],"meta":{}},{"ancestorTitles":["calcCPA"],"fullName":"calcCPA ignores page_engagement in cost_per_action_type fallback","status":"passed","title":"ignores page_engagement in cost_per_action_type fallback","duration":0.2658999999999878,"failureMessages":[],"meta":{}},{"ancestorTitles":["calcCPA"],"fullName":"calcCPA uses cost_per_action_type fallback only for relevant types","status":"passed","title":"uses cost_per_action_type fallback only for relevant types","duration":0.25939999999991414,"failureMessages":[],"meta":{}},{"ancestorTitles":["calcCPA"],"fullName":"calcCPA prefers lead over link_click","status":"passed","title":"prefers lead over link_click","duration":0.20510000000001583,"failureMessages":[],"meta":{}},{"ancestorTitles":["calcCPA"],"fullName":"calcCPA VIDEO_VIEWS objective → CPV from video_view","status":"passed","title":"VIDEO_VIEWS objective → CPV from video_view","duration":0.31939999999997326,"failureMessages":[],"meta":{}},{"ancestorTitles":["calcCPA"],"fullName":"calcCPA OUTCOME_LEADS objective → CPL from lead (ignores conversations)","status":"passed","title":"OUTCOME_LEADS objective → CPL from lead (ignores conversations)","duration":0.23479999999995016,"failureMessages":[],"meta":{}},{"ancestorTitles":["calcCPA"],"fullName":"calcCPA OUTCOME_LEADS with only Messenger → CPL from conversations","status":"passed","title":"OUTCOME_LEADS with only Messenger → CPL from conversations","duration":0.28489999999999327,"failureMessages":[],"meta":{}},{"ancestorTitles":["calcCPA"],"fullName":"calcCPA MESSAGES objective → CPConv from conversations","status":"passed","title":"MESSAGES objective → CPConv from conversations","duration":0.44700000000000273,"failureMessages":[],"meta":{}},{"ancestorTitles":["findResultsValue"],"fullName":"findResultsValue returns the value for the highest-priority action type","status":"passed","title":"returns the value for the highest-priority action type","duration":0.3222999999999274,"failureMessages":[],"meta":{}},{"ancestorTitles":["findResultsValue"],"fullName":"findResultsValue falls back to link_click when no conversion actions exist","status":"passed","title":"falls back to link_click when no conversion actions exist","duration":0.1634000000000242,"failureMessages":[],"meta":{}},{"ancestorTitles":["findResultsValue"],"fullName":"findResultsValue returns 0 for empty or undefined actions","status":"passed","title":"returns 0 for empty or undefined actions","duration":0.18380000000001928,"failureMessages":[],"meta":{}},{"ancestorTitles":["findResultsValue"],"fullName":"findResultsValue VIDEO_VIEWS objective → returns video_view count","status":"passed","title":"VIDEO_VIEWS objective → returns video_view count","duration":0.16189999999994598,"failureMessages":[],"meta":{}},{"ancestorTitles":["findResultsValue"],"fullName":"findResultsValue OUTCOME_LEADS objective → returns lead count (ignores conversations)","status":"passed","title":"OUTCOME_LEADS objective → returns lead count (ignores conversations)","duration":0.20199999999999818,"failureMessages":[],"meta":{}},{"ancestorTitles":["findResultsValue"],"fullName":"findResultsValue OUTCOME_LEADS with only Messenger → falls back to conversations","status":"passed","title":"OUTCOME_LEADS with only Messenger → falls back to conversations","duration":0.12649999999996453,"failureMessages":[],"meta":{}},{"ancestorTitles":["getResultsLabel"],"fullName":"getResultsLabel returns 'Leads' when lead actions are present","status":"passed","title":"returns 'Leads' when lead actions are present","duration":0.29899999999997817,"failureMessages":[],"meta":{}},{"ancestorTitles":["getResultsLabel"],"fullName":"getResultsLabel returns 'Clics al enlace' for link_click only","status":"passed","title":"returns 'Clics al enlace' for link_click only","duration":0.1370999999999185,"failureMessages":[],"meta":{}},{"ancestorTitles":["getResultsLabel"],"fullName":"getResultsLabel returns empty string for unknown actions","status":"passed","title":"returns empty string for unknown actions","duration":0.13659999999993033,"failureMessages":[],"meta":{}},{"ancestorTitles":["getResultsLabel"],"fullName":"getResultsLabel returns empty string for empty array","status":"passed","title":"returns empty string for empty array","duration":0.16300000000001091,"failureMessages":[],"meta":{}},{"ancestorTitles":["getResultsLabel"],"fullName":"getResultsLabel VIDEO_VIEWS objective → 'ThruPlays'","status":"passed","title":"VIDEO_VIEWS objective → 'ThruPlays'","duration":0.16089999999996962,"failureMessages":[],"meta":{}},{"ancestorTitles":["getResultsLabel"],"fullName":"getResultsLabel OUTCOME_LEADS objective → 'Leads' (not 'Conversaciones')","status":"passed","title":"OUTCOME_LEADS objective → 'Leads' (not 'Conversaciones')","duration":0.12840000000005602,"failureMessages":[],"meta":{}},{"ancestorTitles":["getResultsLabel"],"fullName":"getResultsLabel OUTCOME_LEADS with only Messenger → 'Leads (Messenger)'","status":"passed","title":"OUTCOME_LEADS with only Messenger → 'Leads (Messenger)'","duration":0.11980000000005475,"failureMessages":[],"meta":{}},{"ancestorTitles":["breakEvenROAS"],"fullName":"breakEvenROAS is 1/margin for valid margins","status":"passed","title":"is 1/margin for valid margins","duration":0.15679999999997563,"failureMessages":[],"meta":{}},{"ancestorTitles":["breakEvenROAS"],"fullName":"breakEvenROAS returns 0 for out-of-range margins","status":"passed","title":"returns 0 for out-of-range margins","duration":0.13530000000002929,"failureMessages":[],"meta":{}},{"ancestorTitles":["frequencyAlertLevel"],"fullName":"frequencyAlertLevel classifies frequency thresholds","status":"passed","title":"classifies frequency thresholds","duration":0.20129999999994652,"failureMessages":[],"meta":{}},{"ancestorTitles":["creativeFatigueScore"],"fullName":"creativeFatigueScore is 0 when CTR has not dropped","status":"passed","title":"is 0 when CTR has not dropped","duration":0.14179999999998927,"failureMessages":[],"meta":{}},{"ancestorTitles":["creativeFatigueScore"],"fullName":"creativeFatigueScore grows as CTR drops (freq=4, 1 vs 2 → 200)","status":"passed","title":"grows as CTR drops (freq=4, 1 vs 2 → 200)","duration":0.10139999999989868,"failureMessages":[],"meta":{}},{"ancestorTitles":["creativeFatigueScore"],"fullName":"creativeFatigueScore guards against a zero baseline","status":"passed","title":"guards against a zero baseline","duration":0.09839999999996962,"failureMessages":[],"meta":{}},{"ancestorTitles":["qualityVisitRate"],"fullName":"qualityVisitRate is lpv/clicks as a percentage","status":"passed","title":"is lpv/clicks as a percentage","duration":0.1308999999999969,"failureMessages":[],"meta":{}},{"ancestorTitles":["qualityVisitRate"],"fullName":"qualityVisitRate returns 0 with no clicks","status":"passed","title":"returns 0 with no clicks","duration":0.10000000000002274,"failureMessages":[],"meta":{}},{"ancestorTitles":["fmtROAS"],"fullName":"fmtROAS formats with an x suffix","status":"passed","title":"formats with an x suffix","duration":0.1510000000000673,"failureMessages":[],"meta":{}},{"ancestorTitles":["fmtROAS"],"fullName":"fmtROAS shows a dash for zero","status":"passed","title":"shows a dash for zero","duration":0.10749999999995907,"failureMessages":[],"meta":{}}],"startTime":1786993829971,"endTime":1786993829984.1074,"status":"passed","message":"","name":"D:/Proyectos/Zefirus/tests/ads-metrics.test.ts"},{"assertionResults":[{"ancestorTitles":["ads-schemas — escrituras estrictas"],"fullName":"ads-schemas — escrituras estrictas rechaza escrituras sin confirmed_by_user","status":"passed","title":"rechaza escrituras sin confirmed_by_user","duration":10.313200000000052,"failureMessages":[],"meta":{}},{"ancestorTitles":["ads-schemas — escrituras estrictas"],"fullName":"ads-schemas — escrituras estrictas acepta una actualización válida de campaña","status":"passed","title":"acepta una actualización válida de campaña","duration":0.5936000000000377,"failureMessages":[],"meta":{}},{"ancestorTitles":["ads-schemas — escrituras estrictas"],"fullName":"ads-schemas — escrituras estrictas rechaza status fuera del enum y IDs no numéricos","status":"passed","title":"rechaza status fuera del enum y IDs no numéricos","duration":1.0217000000000098,"failureMessages":[],"meta":{}},{"ancestorTitles":["ads-schemas — escrituras estrictas"],"fullName":"ads-schemas — escrituras estrictas bulk: máximo 100 ids y acción del catálogo","status":"passed","title":"bulk: máximo 100 ids y acción del catálogo","duration":3.373100000000022,"failureMessages":[],"meta":{}},{"ancestorTitles":["ads-schemas — escrituras estrictas"],"fullName":"ads-schemas — escrituras estrictas creación de campaña exige objetivo ODAX válido","status":"passed","title":"creación de campaña exige objetivo ODAX válido","duration":2.338300000000004,"failureMessages":[],"meta":{}},{"ancestorTitles":["ads-schemas — escrituras estrictas"],"fullName":"ads-schemas — escrituras estrictas creación de adset valida países ISO y edades","status":"passed","title":"creación de adset valida países ISO y edades","duration":2.0932000000000244,"failureMessages":[],"meta":{}},{"ancestorTitles":["ads-schemas — escrituras estrictas"],"fullName":"ads-schemas — escrituras estrictas adset update: targeting debe ser objeto, nunca string","status":"passed","title":"adset update: targeting debe ser objeto, nunca string","duration":2.688199999999938,"failureMessages":[],"meta":{}},{"ancestorTitles":["ads-schemas — escrituras estrictas"],"fullName":"ads-schemas — escrituras estrictas reglas: execution_type y schedule_type del catálogo oficial","status":"passed","title":"reglas: execution_type y schedule_type del catálogo oficial","duration":1.5197999999999183,"failureMessages":[],"meta":{}},{"ancestorTitles":["ads-schemas — escrituras estrictas"],"fullName":"ads-schemas — escrituras estrictas update de regla exige confirmación incluso para toggle de status","status":"passed","title":"update de regla exige confirmación incluso para toggle de status","duration":1.9461999999999762,"failureMessages":[],"meta":{}}],"startTime":1786993829563,"endTime":1786993829588.9463,"status":"passed","message":"","name":"D:/Proyectos/Zefirus/tests/ads-schemas.test.ts"},{"assertionResults":[{"ancestorTitles":["ai-usage schema"],"fullName":"ai-usage schema AiUsage model exists in prisma schema","status":"passed","title":"AiUsage model exists in prisma schema","duration":2.129199999999969,"failureMessages":[],"meta":{}},{"ancestorTitles":["ai-usage schema"],"fullName":"ai-usage schema AiUsage has field: workspaceId","status":"passed","title":"AiUsage has field: workspaceId","duration":0.7391000000000076,"failureMessages":[],"meta":{}},{"ancestorTitles":["ai-usage schema"],"fullName":"ai-usage schema AiUsage has field: route","status":"passed","title":"AiUsage has field: route","duration":0.2402999999999338,"failureMessages":[],"meta":{}},{"ancestorTitles":["ai-usage schema"],"fullName":"ai-usage schema AiUsage has field: model","status":"passed","title":"AiUsage has field: model","duration":0.1954000000000633,"failureMessages":[],"meta":{}},{"ancestorTitles":["ai-usage schema"],"fullName":"ai-usage schema AiUsage has field: tokensIn","status":"passed","title":"AiUsage has field: tokensIn","duration":0.26930000000004384,"failureMessages":[],"meta":{}},{"ancestorTitles":["ai-usage schema"],"fullName":"ai-usage schema AiUsage has field: tokensOut","status":"passed","title":"AiUsage has field: tokensOut","duration":0.18870000000003984,"failureMessages":[],"meta":{}},{"ancestorTitles":["ai-usage schema"],"fullName":"ai-usage schema AiUsage has field: provider","status":"passed","title":"AiUsage has field: provider","duration":0.1491999999999507,"failureMessages":[],"meta":{}},{"ancestorTitles":["ai-usage schema"],"fullName":"ai-usage schema AiUsage has field: providerCostUsd","status":"passed","title":"AiUsage has field: providerCostUsd","duration":0.11329999999998108,"failureMessages":[],"meta":{}},{"ancestorTitles":["ai-usage schema"],"fullName":"ai-usage schema AiUsage has field: customerChargeUsd","status":"passed","title":"AiUsage has field: customerChargeUsd","duration":0.14359999999999218,"failureMessages":[],"meta":{}},{"ancestorTitles":["ai-usage schema"],"fullName":"ai-usage schema AiUsage has field: feature","status":"passed","title":"AiUsage has field: feature","duration":0.2036999999999125,"failureMessages":[],"meta":{}},{"ancestorTitles":["ai-usage schema"],"fullName":"ai-usage schema AiUsage has field: createdAt","status":"passed","title":"AiUsage has field: createdAt","duration":0.1268000000000029,"failureMessages":[],"meta":{}},{"ancestorTitles":["ai-usage schema"],"fullName":"ai-usage schema AiUsage has workspaceId index","status":"passed","title":"AiUsage has workspaceId index","duration":0.18209999999999127,"failureMessages":[],"meta":{}},{"ancestorTitles":["ai-usage schema"],"fullName":"ai-usage schema AiUsage has createdAt index","status":"passed","title":"AiUsage has createdAt index","duration":0.14240000000006603,"failureMessages":[],"meta":{}},{"ancestorTitles":["ai-usage schema"],"fullName":"ai-usage schema AiUsage has cascade delete via workspace relation","status":"passed","title":"AiUsage has cascade delete via workspace relation","duration":0.1713000000000875,"failureMessages":[],"meta":{}}],"startTime":1786993831492,"endTime":1786993831497.1821,"status":"passed","message":"","name":"D:/Proyectos/Zefirus/tests/ai-usage.test.ts"},{"assertionResults":[{"ancestorTitles":["Alert engine (pure)"],"fullName":"Alert engine (pure) no dispara alertas cuando todo está sano","status":"passed","title":"no dispara alertas cuando todo está sano","duration":4.801600000000008,"failureMessages":[],"meta":{}},{"ancestorTitles":["Alert engine (pure)"],"fullName":"Alert engine (pure) dispara CSAT bajo cuando avgCsat < umbral","status":"passed","title":"dispara CSAT bajo cuando avgCsat < umbral","duration":0.9505000000000337,"failureMessages":[],"meta":{}},{"ancestorTitles":["Alert engine (pure)"],"fullName":"Alert engine (pure) dispara fallback alto, FRT alto, AHT alto y handoff alto","status":"passed","title":"dispara fallback alto, FRT alto, AHT alto y handoff alto","duration":1.2469999999999573,"failureMessages":[],"meta":{}},{"ancestorTitles":["Alert engine (pure)"],"fullName":"Alert engine (pure) NO evalúa KPIs de calidad con muestra insuficiente (minSampleSize)","status":"passed","title":"NO evalúa KPIs de calidad con muestra insuficiente (minSampleSize)","duration":0.35370000000000346,"failureMessages":[],"meta":{}},{"ancestorTitles":["Alert engine (pure)"],"fullName":"Alert engine (pure) dispara caída de volumen comparando con periodo anterior","status":"passed","title":"dispara caída de volumen comparando con periodo anterior","duration":0.4715999999999667,"failureMessages":[],"meta":{}},{"ancestorTitles":["Alert engine (pure)"],"fullName":"Alert engine (pure) dispara sync_failed y data_quality_critical independientemente de la muestra","status":"passed","title":"dispara sync_failed y data_quality_critical independientemente de la muestra","duration":0.5049999999999955,"failureMessages":[],"meta":{}},{"ancestorTitles":["Alert engine (pure)"],"fullName":"Alert engine (pure) respeta umbrales override (csatMin más estricto)","status":"passed","title":"respeta umbrales override (csatMin más estricto)","duration":0.3632999999999811,"failureMessages":[],"meta":{}}],"startTime":1786993830826,"endTime":1786993830835.3633,"status":"passed","message":"","name":"D:/Proyectos/Zefirus/tests/analytics-alerts.test.ts"},{"assertionResults":[{"ancestorTitles":["evaluateConfiguredFunnel"],"fullName":"evaluateConfiguredFunnel devuelve [] sin pasos","status":"passed","title":"devuelve [] sin pasos","duration":2.3940000000000055,"failureMessages":[],"meta":{}},{"ancestorTitles":["evaluateConfiguredFunnel"],"fullName":"evaluateConfiguredFunnel cuenta avance secuencial y calcula conversión/drop-off","status":"passed","title":"cuenta avance secuencial y calcula conversión/drop-off","duration":2.197499999999991,"failureMessages":[],"meta":{}},{"ancestorTitles":["evaluateConfiguredFunnel"],"fullName":"evaluateConfiguredFunnel respeta el orden temporal: un paso debe ocurrir en/después del anterior","status":"passed","title":"respeta el orden temporal: un paso debe ocurrir en/después del anterior","duration":0.43830000000002656,"failureMessages":[],"meta":{}},{"ancestorTitles":["evaluateConfiguredFunnel"],"fullName":"evaluateConfiguredFunnel calcula tiempo promedio entre pasos en segundos","status":"passed","title":"calcula tiempo promedio entre pasos en segundos","duration":0.2979000000000269,"failureMessages":[],"meta":{}},{"ancestorTitles":["evaluateConfiguredFunnel"],"fullName":"evaluateConfiguredFunnel soporta condiciones por tag y por evento handoff","status":"passed","title":"soporta condiciones por tag y por evento handoff","duration":0.3704000000000178,"failureMessages":[],"meta":{}}],"startTime":1786993831474,"endTime":1786993831479.3704,"status":"passed","message":"","name":"D:/Proyectos/Zefirus/tests/analytics-funnels.test.ts"},{"assertionResults":[{"ancestorTitles":["Outcome Rules Engine"],"fullName":"Outcome Rules Engine should classify as abandoned if fallback > 4","status":"passed","title":"should classify as abandoned if fallback > 4","duration":3.909400000000005,"failureMessages":[],"meta":{}},{"ancestorTitles":["Outcome Rules Engine"],"fullName":"Outcome Rules Engine should return null if no rules match","status":"passed","title":"should return null if no rules match","duration":0.39420000000006894,"failureMessages":[],"meta":{}},{"ancestorTitles":["KPI Engine"],"fullName":"KPI Engine should correctly compute Volume KPIs","status":"passed","title":"should correctly compute Volume KPIs","duration":1.0785000000000764,"failureMessages":[],"meta":{}},{"ancestorTitles":["KPI Engine"],"fullName":"KPI Engine should correctly compute Containment & Quality KPIs","status":"passed","title":"should correctly compute Containment & Quality KPIs","duration":0.5556000000000267,"failureMessages":[],"meta":{}},{"ancestorTitles":["KPI Engine"],"fullName":"KPI Engine should correctly compute Satisfaction & Time KPIs","status":"passed","title":"should correctly compute Satisfaction & Time KPIs","duration":0.44889999999998054,"failureMessages":[],"meta":{}},{"ancestorTitles":["KPI Engine"],"fullName":"KPI Engine should recalculate outcomes dynamically if rules are provided","status":"passed","title":"should recalculate outcomes dynamically if rules are provided","duration":0.3350000000000364,"failureMessages":[],"meta":{}}],"startTime":1786993831536,"endTime":1786993831544.335,"status":"passed","message":"","name":"D:/Proyectos/Zefirus/tests/analytics-kpis.test.ts"},{"assertionResults":[{"ancestorTitles":["Override resolution: proyecto > workspace > default"],"fullName":"Override resolution: proyecto > workspace > default usa el default de KPI_DEFINITIONS cuando no hay overrides","status":"passed","title":"usa el default de KPI_DEFINITIONS cuando no hay overrides","duration":2.9603000000000748,"failureMessages":[],"meta":{}},{"ancestorTitles":["Override resolution: proyecto > workspace > default"],"fullName":"Override resolution: proyecto > workspace > default workspace override gana sobre default","status":"passed","title":"workspace override gana sobre default","duration":0.6000999999999976,"failureMessages":[],"meta":{}},{"ancestorTitles":["Override resolution: proyecto > workspace > default"],"fullName":"Override resolution: proyecto > workspace > default project override gana sobre workspace","status":"passed","title":"project override gana sobre workspace","duration":0.4133000000000493,"failureMessages":[],"meta":{}},{"ancestorTitles":["Override resolution: proyecto > workspace > default"],"fullName":"Override resolution: proyecto > workspace > default ignora overrides deshabilitados","status":"passed","title":"ignora overrides deshabilitados","duration":0.2578000000000884,"failureMessages":[],"meta":{}},{"ancestorTitles":["Override resolution: proyecto > workspace > default"],"fullName":"Override resolution: proyecto > workspace > default buildAlertThresholdsFromTargets mapea metas de KPI a umbrales de alerta","status":"passed","title":"buildAlertThresholdsFromTargets mapea metas de KPI a umbrales de alerta","duration":0.5743999999999687,"failureMessages":[],"meta":{}},{"ancestorTitles":["sortRulesByScope"],"fullName":"sortRulesByScope evalúa reglas de proyecto antes que las del workspace y excluye otras/deshabilitadas","status":"passed","title":"evalúa reglas de proyecto antes que las del workspace y excluye otras/deshabilitadas","duration":1.3427000000000362,"failureMessages":[],"meta":{}},{"ancestorTitles":["sortRulesByScope"],"fullName":"sortRulesByScope sin projectId solo deja reglas globales","status":"passed","title":"sin projectId solo deja reglas globales","duration":0.32159999999998945,"failureMessages":[],"meta":{}},{"ancestorTitles":["mergeRoiParams"],"fullName":"mergeRoiParams aplica prioridad por capas (proyecto pisa workspace pisa default)","status":"passed","title":"aplica prioridad por capas (proyecto pisa workspace pisa default)","duration":0.46059999999999945,"failureMessages":[],"meta":{}},{"ancestorTitles":["mergeRoiParams"],"fullName":"mergeRoiParams ignora null/undefined sin pisar capas previas","status":"passed","title":"ignora null/undefined sin pisar capas previas","duration":0.31500000000005457,"failureMessages":[],"meta":{}}],"startTime":1786993831415,"endTime":1786993831423.315,"status":"passed","message":"","name":"D:/Proyectos/Zefirus/tests/analytics-overrides.test.ts"},{"assertionResults":[{"ancestorTitles":["view_sensitive: resolución pura"],"fullName":"view_sensitive: resolución pura OWNER y ADMIN siempre pueden ver PII","status":"passed","title":"OWNER y ADMIN siempre pueden ver PII","duration":2.889599999999973,"failureMessages":[],"meta":{}},{"ancestorTitles":["view_sensitive: resolución pura"],"fullName":"view_sensitive: resolución pura MEMBER por defecto NO puede (enmascarado seguro)","status":"passed","title":"MEMBER por defecto NO puede (enmascarado seguro)","duration":0.34409999999991214,"failureMessages":[],"meta":{}},{"ancestorTitles":["view_sensitive: resolución pura"],"fullName":"view_sensitive: resolución pura MEMBER con el flag explícito SÍ puede","status":"passed","title":"MEMBER con el flag explícito SÍ puede","duration":0.2719000000000733,"failureMessages":[],"meta":{}},{"ancestorTitles":["view_sensitive: resolución pura"],"fullName":"view_sensitive: resolución pura canAccessAnalytics NO concede ver PII (permiso separado)","status":"passed","title":"canAccessAnalytics NO concede ver PII (permiso separado)","duration":0.24540000000001783,"failureMessages":[],"meta":{}},{"ancestorTitles":["view_sensitive: autorización (prisma mockeado)"],"fullName":"view_sensitive: autorización (prisma mockeado) no-miembro del workspace → false (sin fuga)","status":"passed","title":"no-miembro del workspace → false (sin fuga)","duration":0.8223000000000411,"failureMessages":[],"meta":{}},{"ancestorTitles":["view_sensitive: autorización (prisma mockeado)"],"fullName":"view_sensitive: autorización (prisma mockeado) OWNER → true sin necesitar settings","status":"passed","title":"OWNER → true sin necesitar settings","duration":2.1433999999999287,"failureMessages":[],"meta":{}},{"ancestorTitles":["view_sensitive: autorización (prisma mockeado)"],"fullName":"view_sensitive: autorización (prisma mockeado) MEMBER sin permiso granular → false (enmascarado)","status":"passed","title":"MEMBER sin permiso granular → false (enmascarado)","duration":1.0162000000000262,"failureMessages":[],"meta":{}},{"ancestorTitles":["view_sensitive: autorización (prisma mockeado)"],"fullName":"view_sensitive: autorización (prisma mockeado) MEMBER con permiso granular canViewSensitiveAnalytics → true","status":"passed","title":"MEMBER con permiso granular canViewSensitiveAnalytics → true","duration":0.46319999999991524,"failureMessages":[],"meta":{}}],"startTime":1786993831556,"endTime":1786993831565.4631,"status":"passed","message":"","name":"D:/Proyectos/Zefirus/tests/analytics-sensitive.test.ts"},{"assertionResults":[{"ancestorTitles":["api-versions"],"fullName":"api-versions no hardcoded API versions in lib/ or app/ (except allowed files)","status":"passed","title":"no hardcoded API versions in lib/ or app/ (except allowed files)","duration":205.26339999999993,"failureMessages":[],"meta":{}}],"startTime":1786993827916,"endTime":1786993828121.2634,"status":"passed","message":"","name":"D:/Proyectos/Zefirus/tests/api-versions.test.ts"},{"assertionResults":[{"ancestorTitles":["geminiProvider.complete (camino del copilot)"],"fullName":"geminiProvider.complete (camino del copilot) arma el payload correcto: systemInstruction, roles user/model y maxOutputTokens","status":"failed","title":"arma el payload correcto: systemInstruction, roles user/model y maxOutputTokens","duration":10.42960000000005,"failureMessages":["LLMProviderError: GEMINI_API_KEY no configurada\n    at Object.complete (D:\\Proyectos\\Zefirus\\lib\\ai\\providers\\gemini.ts:90:21)\n    at D:\\Proyectos\\Zefirus\\tests\\aria-copilot-llm.test.ts:57:36\n    at file:///D:/Proyectos/Zefirus/node_modules/@vitest/runner/dist/chunk-hooks.js:155:11\n    at file:///D:/Proyectos/Zefirus/node_modules/@vitest/runner/dist/chunk-hooks.js:752:26\n    at file:///D:/Proyectos/Zefirus/node_modules/@vitest/runner/dist/chunk-hooks.js:1897:20\n    at new Promise (<anonymous>)\n    at runWithTimeout (file:///D:/Proyectos/Zefirus/node_modules/@vitest/runner/dist/chunk-hooks.js:1863:10)\n    at runTest (file:///D:/Proyectos/Zefirus/node_modules/@vitest/runner/dist/chunk-hooks.js:1574:12)\n    at processTicksAndRejections (node:internal/process/task_queues:104:5)\n    at runSuite (file:///D:/Proyectos/Zefirus/node_modules/@vitest/runner/dist/chunk-hooks.js:1729:8)"],"meta":{}},{"ancestorTitles":["geminiProvider.complete (camino del copilot)"],"fullName":"geminiProvider.complete (camino del copilot) desactiva thinking en modelos flash (el razonamiento consume maxOutputTokens)","status":"failed","title":"desactiva thinking en modelos flash (el razonamiento consume maxOutputTokens)","duration":1.2358999999999014,"failureMessages":["LLMProviderError: GEMINI_API_KEY no configurada\n    at Object.complete (D:\\Proyectos\\Zefirus\\lib\\ai\\providers\\gemini.ts:90:21)\n    at D:\\Proyectos\\Zefirus\\tests\\aria-copilot-llm.test.ts:68:26\n    at file:///D:/Proyectos/Zefirus/node_modules/@vitest/runner/dist/chunk-hooks.js:155:11\n    at file:///D:/Proyectos/Zefirus/node_modules/@vitest/runner/dist/chunk-hooks.js:752:26\n    at file:///D:/Proyectos/Zefirus/node_modules/@vitest/runner/dist/chunk-hooks.js:1897:20\n    at new Promise (<anonymous>)\n    at runWithTimeout (file:///D:/Proyectos/Zefirus/node_modules/@vitest/runner/dist/chunk-hooks.js:1863:10)\n    at runTest (file:///D:/Proyectos/Zefirus/node_modules/@vitest/runner/dist/chunk-hooks.js:1574:12)\n    at processTicksAndRejections (node:internal/process/task_queues:104:5)\n    at runSuite (file:///D:/Proyectos/Zefirus/node_modules/@vitest/runner/dist/chunk-hooks.js:1729:8)"],"meta":{}},{"ancestorTitles":["geminiProvider.complete (camino del copilot)"],"fullName":"geminiProvider.complete (camino del copilot) NO manda thinkingConfig a modelos pro (no aceptan thinkingBudget 0)","status":"failed","title":"NO manda thinkingConfig a modelos pro (no aceptan thinkingBudget 0)","duration":1.0673999999999069,"failureMessages":["LLMProviderError: GEMINI_API_KEY no configurada\n    at Object.complete (D:\\Proyectos\\Zefirus\\lib\\ai\\providers\\gemini.ts:90:21)\n    at D:\\Proyectos\\Zefirus\\tests\\aria-copilot-llm.test.ts:74:26\n    at file:///D:/Proyectos/Zefirus/node_modules/@vitest/runner/dist/chunk-hooks.js:155:11\n    at file:///D:/Proyectos/Zefirus/node_modules/@vitest/runner/dist/chunk-hooks.js:752:26\n    at file:///D:/Proyectos/Zefirus/node_modules/@vitest/runner/dist/chunk-hooks.js:1897:20\n    at new Promise (<anonymous>)\n    at runWithTimeout (file:///D:/Proyectos/Zefirus/node_modules/@vitest/runner/dist/chunk-hooks.js:1863:10)\n    at runTest (file:///D:/Proyectos/Zefirus/node_modules/@vitest/runner/dist/chunk-hooks.js:1574:12)\n    at processTicksAndRejections (node:internal/process/task_queues:104:5)\n    at runSuite (file:///D:/Proyectos/Zefirus/node_modules/@vitest/runner/dist/chunk-hooks.js:1729:8)"],"meta":{}},{"ancestorTitles":["geminiProvider.complete (camino del copilot)"],"fullName":"geminiProvider.complete (camino del copilot) une respuestas multi-parte en un solo texto","status":"failed","title":"une respuestas multi-parte en un solo texto","duration":0.9619000000000142,"failureMessages":["LLMProviderError: GEMINI_API_KEY no configurada\n    at Object.complete (D:\\Proyectos\\Zefirus\\lib\\ai\\providers\\gemini.ts:90:21)\n    at D:\\Proyectos\\Zefirus\\tests\\aria-copilot-llm.test.ts:82:36\n    at file:///D:/Proyectos/Zefirus/node_modules/@vitest/runner/dist/chunk-hooks.js:155:11\n    at file:///D:/Proyectos/Zefirus/node_modules/@vitest/runner/dist/chunk-hooks.js:752:26\n    at file:///D:/Proyectos/Zefirus/node_modules/@vitest/runner/dist/chunk-hooks.js:1897:20\n    at new Promise (<anonymous>)\n    at runWithTimeout (file:///D:/Proyectos/Zefirus/node_modules/@vitest/runner/dist/chunk-hooks.js:1863:10)\n    at runTest (file:///D:/Proyectos/Zefirus/node_modules/@vitest/runner/dist/chunk-hooks.js:1574:12)\n    at processTicksAndRejections (node:internal/process/task_queues:104:5)\n    at runSuite (file:///D:/Proyectos/Zefirus/node_modules/@vitest/runner/dist/chunk-hooks.js:1729:8)"],"meta":{}},{"ancestorTitles":["geminiProvider.complete (camino del copilot)"],"fullName":"geminiProvider.complete (camino del copilot) lanza error claro ante respuesta vacía (no burbuja vacía en el chat)","status":"failed","title":"lanza error claro ante respuesta vacía (no burbuja vacía en el chat)","duration":10.316699999999855,"failureMessages":["AssertionError: expected [Function] to throw error matching /vacía.*MAX_TOKENS/ but got 'GEMINI_API_KEY no configurada'\n    at _Assertion.<anonymous> (file:///D:/Proyectos/Zefirus/node_modules/@vitest/expect/dist/index.js:1420:16)\n    at _Assertion.<anonymous> (file:///D:/Proyectos/Zefirus/node_modules/@vitest/expect/dist/index.js:1029:14)\n    at _Assertion.methodWrapper (file:///D:/Proyectos/Zefirus/node_modules/chai/index.js:1686:25)\n    at file:///D:/Proyectos/Zefirus/node_modules/@vitest/expect/dist/index.js:1639:20\n    at processTicksAndRejections (node:internal/process/task_queues:104:5)"],"meta":{}},{"ancestorTitles":["geminiProvider.complete (camino del copilot)"],"fullName":"geminiProvider.complete (camino del copilot) propaga errores HTTP como LLMProviderError con el status upstream","status":"failed","title":"propaga errores HTTP como LLMProviderError con el status upstream","duration":9.43340000000012,"failureMessages":["AssertionError: expected LLMProviderError: GEMINI_API_KEY no confi… { …(2) } to match object { provider: 'gemini', status: 429 }\n(1 matching property omitted from actual)\n    at _Assertion.<anonymous> (file:///D:/Proyectos/Zefirus/node_modules/@vitest/expect/dist/index.js:1155:10)\n    at _Assertion.<anonymous> (file:///D:/Proyectos/Zefirus/node_modules/@vitest/expect/dist/index.js:1029:14)\n    at _Assertion.methodWrapper (file:///D:/Proyectos/Zefirus/node_modules/chai/index.js:1686:25)\n    at file:///D:/Proyectos/Zefirus/node_modules/@vitest/expect/dist/index.js:1639:20\n    at processTicksAndRejections (node:internal/process/task_queues:104:5)"],"meta":{}},{"ancestorTitles":["geminiProvider.complete (camino del copilot)"],"fullName":"geminiProvider.complete (camino del copilot) adjunta imágenes como inlineData en el último turno de usuario (GridIA multimodal)","status":"failed","title":"adjunta imágenes como inlineData en el último turno de usuario (GridIA multimodal)","duration":1.7794999999998709,"failureMessages":["LLMProviderError: GEMINI_API_KEY no configurada\n    at Object.complete (D:\\Proyectos\\Zefirus\\lib\\ai\\providers\\gemini.ts:90:21)\n    at D:\\Proyectos\\Zefirus\\tests\\aria-copilot-llm.test.ts:103:26\n    at file:///D:/Proyectos/Zefirus/node_modules/@vitest/runner/dist/chunk-hooks.js:155:11\n    at file:///D:/Proyectos/Zefirus/node_modules/@vitest/runner/dist/chunk-hooks.js:752:26\n    at file:///D:/Proyectos/Zefirus/node_modules/@vitest/runner/dist/chunk-hooks.js:1897:20\n    at new Promise (<anonymous>)\n    at runWithTimeout (file:///D:/Proyectos/Zefirus/node_modules/@vitest/runner/dist/chunk-hooks.js:1863:10)\n    at runTest (file:///D:/Proyectos/Zefirus/node_modules/@vitest/runner/dist/chunk-hooks.js:1574:12)\n    at processTicksAndRejections (node:internal/process/task_queues:104:5)\n    at runSuite (file:///D:/Proyectos/Zefirus/node_modules/@vitest/runner/dist/chunk-hooks.js:1729:8)"],"meta":{}},{"ancestorTitles":["geminiProvider.complete (camino del copilot)"],"fullName":"geminiProvider.complete (camino del copilot) mueve mensajes role=system del historial a systemInstruction (Gemini no acepta role system)","status":"failed","title":"mueve mensajes role=system del historial a systemInstruction (Gemini no acepta role system)","duration":1.0249999999998636,"failureMessages":["LLMProviderError: GEMINI_API_KEY no configurada\n    at Object.complete (D:\\Proyectos\\Zefirus\\lib\\ai\\providers\\gemini.ts:90:21)\n    at D:\\Proyectos\\Zefirus\\tests\\aria-copilot-llm.test.ts:118:26\n    at file:///D:/Proyectos/Zefirus/node_modules/@vitest/runner/dist/chunk-hooks.js:155:11\n    at file:///D:/Proyectos/Zefirus/node_modules/@vitest/runner/dist/chunk-hooks.js:752:26\n    at file:///D:/Proyectos/Zefirus/node_modules/@vitest/runner/dist/chunk-hooks.js:1897:20\n    at new Promise (<anonymous>)\n    at runWithTimeout (file:///D:/Proyectos/Zefirus/node_modules/@vitest/runner/dist/chunk-hooks.js:1863:10)\n    at runTest (file:///D:/Proyectos/Zefirus/node_modules/@vitest/runner/dist/chunk-hooks.js:1574:12)\n    at processTicksAndRejections (node:internal/process/task_queues:104:5)\n    at runSuite (file:///D:/Proyectos/Zefirus/node_modules/@vitest/runner/dist/chunk-hooks.js:1729:8)"],"meta":{}},{"ancestorTitles":["anthropicProvider.complete (camino del copilot)"],"fullName":"anthropicProvider.complete (camino del copilot) arma el payload correcto: system top-level, sin temperature/top_p, max_tokens presente","status":"failed","title":"arma el payload correcto: system top-level, sin temperature/top_p, max_tokens presente","duration":1.939300000000003,"failureMessages":["LLMProviderError: ANTHROPIC_API_KEY no configurada\n    at call (D:\\Proyectos\\Zefirus\\lib\\ai\\providers\\anthropic.ts:80:19)\n    at Object.complete (D:\\Proyectos\\Zefirus\\lib\\ai\\providers\\anthropic.ts:128:24)\n    at D:\\Proyectos\\Zefirus\\tests\\aria-copilot-llm.test.ts:134:39\n    at file:///D:/Proyectos/Zefirus/node_modules/@vitest/runner/dist/chunk-hooks.js:155:11\n    at file:///D:/Proyectos/Zefirus/node_modules/@vitest/runner/dist/chunk-hooks.js:752:26\n    at file:///D:/Proyectos/Zefirus/node_modules/@vitest/runner/dist/chunk-hooks.js:1897:20\n    at new Promise (<anonymous>)\n    at runWithTimeout (file:///D:/Proyectos/Zefirus/node_modules/@vitest/runner/dist/chunk-hooks.js:1863:10)\n    at runTest (file:///D:/Proyectos/Zefirus/node_modules/@vitest/runner/dist/chunk-hooks.js:1574:12)\n    at processTicksAndRejections (node:internal/process/task_queues:104:5)"],"meta":{}},{"ancestorTitles":["anthropicProvider.complete (camino del copilot)"],"fullName":"anthropicProvider.complete (camino del copilot) une múltiples bloques de texto de la respuesta","status":"failed","title":"une múltiples bloques de texto de la respuesta","duration":0.9074000000000524,"failureMessages":["LLMProviderError: ANTHROPIC_API_KEY no configurada\n    at call (D:\\Proyectos\\Zefirus\\lib\\ai\\providers\\anthropic.ts:80:19)\n    at Object.complete (D:\\Proyectos\\Zefirus\\lib\\ai\\providers\\anthropic.ts:128:24)\n    at D:\\Proyectos\\Zefirus\\tests\\aria-copilot-llm.test.ts:155:39\n    at file:///D:/Proyectos/Zefirus/node_modules/@vitest/runner/dist/chunk-hooks.js:155:11\n    at file:///D:/Proyectos/Zefirus/node_modules/@vitest/runner/dist/chunk-hooks.js:752:26\n    at file:///D:/Proyectos/Zefirus/node_modules/@vitest/runner/dist/chunk-hooks.js:1897:20\n    at new Promise (<anonymous>)\n    at runWithTimeout (file:///D:/Proyectos/Zefirus/node_modules/@vitest/runner/dist/chunk-hooks.js:1863:10)\n    at runTest (file:///D:/Proyectos/Zefirus/node_modules/@vitest/runner/dist/chunk-hooks.js:1574:12)\n    at processTicksAndRejections (node:internal/process/task_queues:104:5)"],"meta":{}},{"ancestorTitles":["anthropicProvider.complete (camino del copilot)"],"fullName":"anthropicProvider.complete (camino del copilot) convierte stop_reason refusal en error claro","status":"failed","title":"convierte stop_reason refusal en error claro","duration":3.208799999999883,"failureMessages":["AssertionError: expected LLMProviderError: ANTHROPIC_API_KEY no co… { …(2) } to match object { provider: 'anthropic', status: 502 }\n(1 matching property omitted from actual)\n    at _Assertion.<anonymous> (file:///D:/Proyectos/Zefirus/node_modules/@vitest/expect/dist/index.js:1155:10)\n    at _Assertion.<anonymous> (file:///D:/Proyectos/Zefirus/node_modules/@vitest/expect/dist/index.js:1029:14)\n    at _Assertion.methodWrapper (file:///D:/Proyectos/Zefirus/node_modules/chai/index.js:1686:25)\n    at file:///D:/Proyectos/Zefirus/node_modules/@vitest/expect/dist/index.js:1639:20\n    at processTicksAndRejections (node:internal/process/task_queues:104:5)\n    at D:\\Proyectos\\Zefirus\\tests\\aria-copilot-llm.test.ts:161:5\n    at file:///D:/Proyectos/Zefirus/node_modules/@vitest/runner/dist/chunk-hooks.js:752:20"],"meta":{}},{"ancestorTitles":["anthropicProvider.complete (camino del copilot)"],"fullName":"anthropicProvider.complete (camino del copilot) adjunta imágenes como bloques image antes del texto (GridIA multimodal)","status":"failed","title":"adjunta imágenes como bloques image antes del texto (GridIA multimodal)","duration":1.252999999999929,"failureMessages":["LLMProviderError: ANTHROPIC_API_KEY no configurada\n    at call (D:\\Proyectos\\Zefirus\\lib\\ai\\providers\\anthropic.ts:80:19)\n    at Object.complete (D:\\Proyectos\\Zefirus\\lib\\ai\\providers\\anthropic.ts:128:24)\n    at D:\\Proyectos\\Zefirus\\tests\\aria-copilot-llm.test.ts:169:29\n    at file:///D:/Proyectos/Zefirus/node_modules/@vitest/runner/dist/chunk-hooks.js:155:11\n    at file:///D:/Proyectos/Zefirus/node_modules/@vitest/runner/dist/chunk-hooks.js:752:26\n    at file:///D:/Proyectos/Zefirus/node_modules/@vitest/runner/dist/chunk-hooks.js:1897:20\n    at new Promise (<anonymous>)\n    at runWithTimeout (file:///D:/Proyectos/Zefirus/node_modules/@vitest/runner/dist/chunk-hooks.js:1863:10)\n    at runTest (file:///D:/Proyectos/Zefirus/node_modules/@vitest/runner/dist/chunk-hooks.js:1574:12)\n    at processTicksAndRejections (node:internal/process/task_queues:104:5)"],"meta":{}},{"ancestorTitles":["openaiProvider.complete — multimodal"],"fullName":"openaiProvider.complete — multimodal adjunta imágenes como image_url data-URL en el último mensaje de usuario","status":"failed","title":"adjunta imágenes como image_url data-URL en el último mensaje de usuario","duration":47.67900000000009,"failureMessages":["LLMProviderError: OPENAI_API_KEY no configurada\n    at call (D:\\Proyectos\\Zefirus\\lib\\ai\\providers\\openai.ts:63:19)\n    at Object.complete (D:\\Proyectos\\Zefirus\\lib\\ai\\providers\\openai.ts:93:24)\n    at D:\\Proyectos\\Zefirus\\tests\\aria-copilot-llm.test.ts:188:26\n    at processTicksAndRejections (node:internal/process/task_queues:104:5)\n    at file:///D:/Proyectos/Zefirus/node_modules/@vitest/runner/dist/chunk-hooks.js:752:20"],"meta":{}}],"startTime":1786993828252,"endTime":1786993828344.679,"status":"failed","message":"","name":"D:/Proyectos/Zefirus/tests/aria-copilot-llm.test.ts"},{"assertionResults":[{"ancestorTitles":["authOptions configuration","facebook-sdk authorize"],"fullName":"authOptions configuration facebook-sdk authorize matches existing legacy user by Facebook ID when no Account record exists and email is null","status":"passed","title":"matches existing legacy user by Facebook ID when no Account record exists and email is null","duration":16.19640000000004,"failureMessages":[],"meta":{}},{"ancestorTitles":["authOptions configuration","jwt callback fallback lookup"],"fullName":"authOptions configuration jwt callback fallback lookup matches existing legacy user by account.providerAccountId in JWT callback when Account is missing","status":"passed","title":"matches existing legacy user by account.providerAccountId in JWT callback when Account is missing","duration":3.3856000000000677,"failureMessages":[],"meta":{}}],"startTime":1786993829742,"endTime":1786993829762.3855,"status":"passed","message":"","name":"D:/Proyectos/Zefirus/tests/auth.test.ts"},{"assertionResults":[{"ancestorTitles":["Creative Fatigue","analyzeFatigue"],"fullName":"Creative Fatigue analyzeFatigue should return fresh for good metrics","status":"passed","title":"should return fresh for good metrics","duration":2.691699999999969,"failureMessages":[],"meta":{}},{"ancestorTitles":["Creative Fatigue","analyzeFatigue"],"fullName":"Creative Fatigue analyzeFatigue should return critical for high frequency and high CTR drop","status":"passed","title":"should return critical for high frequency and high CTR drop","duration":0.5060000000000855,"failureMessages":[],"meta":{}},{"ancestorTitles":["Creative Fatigue","analyzeFatigue"],"fullName":"Creative Fatigue analyzeFatigue should return warning for moderate fatigue","status":"passed","title":"should return warning for moderate fatigue","duration":0.2544999999998936,"failureMessages":[],"meta":{}},{"ancestorTitles":["Creative Fatigue","quickFatigueCheck"],"fullName":"Creative Fatigue quickFatigueCheck returns critical if freq >= 5 and ctr < 0.8","status":"passed","title":"returns critical if freq >= 5 and ctr < 0.8","duration":0.2498000000000502,"failureMessages":[],"meta":{}},{"ancestorTitles":["Creative Fatigue","quickFatigueCheck"],"fullName":"Creative Fatigue quickFatigueCheck returns warning if freq >= 4 and ctr < 1.0","status":"passed","title":"returns warning if freq >= 4 and ctr < 1.0","duration":0.1856999999999971,"failureMessages":[],"meta":{}},{"ancestorTitles":["Creative Fatigue","quickFatigueCheck"],"fullName":"Creative Fatigue quickFatigueCheck returns fresh if freq < 1.5","status":"passed","title":"returns fresh if freq < 1.5","duration":0.19600000000002638,"failureMessages":[],"meta":{}},{"ancestorTitles":["Creative Fatigue","quickFatigueCheck"],"fullName":"Creative Fatigue quickFatigueCheck returns healthy for middle values","status":"passed","title":"returns healthy for middle values","duration":0.1776999999999589,"failureMessages":[],"meta":{}},{"ancestorTitles":["Creative Fatigue","getFatigueDisplay"],"fullName":"Creative Fatigue getFatigueDisplay returns correct colors","status":"passed","title":"returns correct colors","duration":0.3771000000000413,"failureMessages":[],"meta":{}}],"startTime":1786993831539,"endTime":1786993831544.3772,"status":"passed","message":"","name":"D:/Proyectos/Zefirus/tests/creative-fatigue.test.ts"},{"assertionResults":[{"ancestorTitles":["computeAuc"],"fullName":"computeAuc separación perfecta = 1.0","status":"passed","title":"separación perfecta = 1.0","duration":2.424600000000055,"failureMessages":[],"meta":{}},{"ancestorTitles":["computeAuc"],"fullName":"computeAuc ranking invertido = 0.0","status":"passed","title":"ranking invertido = 0.0","duration":0.34540000000004056,"failureMessages":[],"meta":{}},{"ancestorTitles":["computeAuc"],"fullName":"computeAuc scores idénticos (todo empates) = 0.5","status":"passed","title":"scores idénticos (todo empates) = 0.5","duration":0.31169999999997344,"failureMessages":[],"meta":{}},{"ancestorTitles":["computeAuc"],"fullName":"computeAuc una sola clase = 0.5 (indefinido, no explota)","status":"passed","title":"una sola clase = 0.5 (indefinido, no explota)","duration":0.3027000000000726,"failureMessages":[],"meta":{}},{"ancestorTitles":["computeAuc"],"fullName":"computeAuc caso mixto conocido (empate parcial promedia rangos)","status":"passed","title":"caso mixto conocido (empate parcial promedia rangos)","duration":0.3524999999999636,"failureMessages":[],"meta":{}},{"ancestorTitles":["computeMetrics / bestThreshold"],"fullName":"computeMetrics / bestThreshold elige un umbral que maximiza F1 y produce confusión coherente","status":"passed","title":"elige un umbral que maximiza F1 y produce confusión coherente","duration":1.2684000000000424,"failureMessages":[],"meta":{}},{"ancestorTitles":["computeMetrics / bestThreshold"],"fullName":"computeMetrics / bestThreshold la matriz de confusión siempre suma n","status":"passed","title":"la matriz de confusión siempre suma n","duration":0.29920000000004165,"failureMessages":[],"meta":{}},{"ancestorTitles":["stratifiedSplit"],"fullName":"stratifiedSplit es determinista para la misma semilla","status":"passed","title":"es determinista para la misma semilla","duration":2.159999999999968,"failureMessages":[],"meta":{}},{"ancestorTitles":["stratifiedSplit"],"fullName":"stratifiedSplit particiona sin solaparse y cubre todos los índices","status":"passed","title":"particiona sin solaparse y cubre todos los índices","duration":0.6912000000000944,"failureMessages":[],"meta":{}},{"ancestorTitles":["stratifiedSplit"],"fullName":"stratifiedSplit preserva la proporción de clases en el test set","status":"passed","title":"preserva la proporción de clases en el test set","duration":1.7250999999999976,"failureMessages":[],"meta":{}},{"ancestorTitles":["trainLogReg"],"fullName":"trainLogReg sigmoid es numéricamente estable en extremos","status":"passed","title":"sigmoid es numéricamente estable en extremos","duration":0.4715000000001055,"failureMessages":[],"meta":{}},{"ancestorTitles":["trainLogReg"],"fullName":"trainLogReg aprende un problema linealmente separable (AUC alta y determinista)","status":"passed","title":"aprende un problema linealmente separable (AUC alta y determinista)","duration":6.413499999999999,"failureMessages":[],"meta":{}},{"ancestorTitles":["trainLogReg"],"fullName":"trainLogReg pondera clases: no colapsa al predecir siempre la mayoritaria","status":"passed","title":"pondera clases: no colapsa al predecir siempre la mayoritaria","duration":6.808499999999981,"failureMessages":[],"meta":{}},{"ancestorTitles":["buildWoe (scorecard)"],"fullName":"buildWoe (scorecard) rankea por encima a la categoría con mayor tasa de conversión","status":"passed","title":"rankea por encima a la categoría con mayor tasa de conversión","duration":21.399700000000053,"failureMessages":[],"meta":{}},{"ancestorTitles":["profiling: detectTarget / extractTarget"],"fullName":"profiling: detectTarget / extractTarget detecta una columna binaria como objetivo y la extrae como 0/1","status":"passed","title":"detecta una columna binaria como objetivo y la extrae como 0/1","duration":0.7183999999999742,"failureMessages":[],"meta":{}},{"ancestorTitles":["computePriorityCuts / priorityFor"],"fullName":"computePriorityCuts / priorityFor el top ~20% es High y el fondo es Low","status":"passed","title":"el top ~20% es High y el fondo es Low","duration":0.51400000000001,"failureMessages":[],"meta":{}},{"ancestorTitles":["parseCsv"],"fullName":"parseCsv parsea CSV simple con CRLF","status":"passed","title":"parsea CSV simple con CRLF","duration":1.3774999999999409,"failureMessages":[],"meta":{}},{"ancestorTitles":["parseCsv"],"fullName":"parseCsv maneja comillas con comas y comillas escapadas","status":"passed","title":"maneja comillas con comas y comillas escapadas","duration":0.4863000000000284,"failureMessages":[],"meta":{}},{"ancestorTitles":["parseCsv"],"fullName":"parseCsv detecta delimitador punto y coma (exports Excel es-MX)","status":"passed","title":"detecta delimitador punto y coma (exports Excel es-MX)","duration":0.3444999999999254,"failureMessages":[],"meta":{}},{"ancestorTitles":["parseCsv"],"fullName":"parseCsv ignora el BOM de UTF-8","status":"passed","title":"ignora el BOM de UTF-8","duration":0.26109999999994216,"failureMessages":[],"meta":{}}],"startTime":1786993828896,"endTime":1786993828946.261,"status":"passed","message":"","name":"D:/Proyectos/Zefirus/tests/crecimiento-engine.test.ts"},{"assertionResults":[{"ancestorTitles":["Email Templates"],"fullName":"Email Templates should generate invite email html","status":"passed","title":"should generate invite email html","duration":2.796100000000024,"failureMessages":[],"meta":{}},{"ancestorTitles":["Email Templates"],"fullName":"Email Templates should generate password reset email html","status":"passed","title":"should generate password reset email html","duration":0.4673000000000229,"failureMessages":[],"meta":{}},{"ancestorTitles":["Email Templates"],"fullName":"Email Templates should generate welcome email html","status":"passed","title":"should generate welcome email html","duration":0.45919999999989614,"failureMessages":[],"meta":{}},{"ancestorTitles":["Email Templates"],"fullName":"Email Templates should generate task assigned email html","status":"passed","title":"should generate task assigned email html","duration":0.43489999999997053,"failureMessages":[],"meta":{}},{"ancestorTitles":["Email Templates"],"fullName":"Email Templates should generate SLA warning email html","status":"passed","title":"should generate SLA warning email html","duration":0.40989999999999327,"failureMessages":[],"meta":{}}],"startTime":1786993831578,"endTime":1786993831582.41,"status":"passed","message":"","name":"D:/Proyectos/Zefirus/tests/email-templates.test.ts"},{"assertionResults":[{"ancestorTitles":["encryption"],"fullName":"encryption round-trips a token","status":"passed","title":"round-trips a token","duration":5.740399999999909,"failureMessages":[],"meta":{}},{"ancestorTitles":["encryption"],"fullName":"encryption produces a different ciphertext each time (random IV)","status":"passed","title":"produces a different ciphertext each time (random IV)","duration":0.9827999999999975,"failureMessages":[],"meta":{}},{"ancestorTitles":["encryption"],"fullName":"encryption does not double-encrypt an already-encrypted value","status":"passed","title":"does not double-encrypt an already-encrypted value","duration":0.34950000000003456,"failureMessages":[],"meta":{}},{"ancestorTitles":["encryption"],"fullName":"encryption returns empty string for empty/nullish input","status":"passed","title":"returns empty string for empty/nullish input","duration":0.38839999999993324,"failureMessages":[],"meta":{}},{"ancestorTitles":["encryption"],"fullName":"encryption rejects plaintext (non-encrypted) input on decrypt","status":"passed","title":"rejects plaintext (non-encrypted) input on decrypt","duration":5.076199999999972,"failureMessages":[],"meta":{}}],"startTime":1786993830718,"endTime":1786993830730.0762,"status":"passed","message":"","name":"D:/Proyectos/Zefirus/tests/encryption.test.ts"},{"assertionResults":[{"ancestorTitles":["guardrail — browser navigation"],"fullName":"guardrail — browser navigation rejects a denylist URL (vercel.com/dashboard)","status":"passed","title":"rejects a denylist URL (vercel.com/dashboard)","duration":154.35709999999995,"failureMessages":[],"meta":{}},{"ancestorTitles":["guardrail — browser navigation"],"fullName":"guardrail — browser navigation rejects a denylist URL (console.neon.tech)","status":"passed","title":"rejects a denylist URL (console.neon.tech)","duration":168.51319999999998,"failureMessages":[],"meta":{}},{"ancestorTitles":["guardrail — browser navigation"],"fullName":"guardrail — browser navigation rejects a denylist URL (*.vercel.app)","status":"passed","title":"rejects a denylist URL (*.vercel.app)","duration":218.28859999999986,"failureMessages":[],"meta":{}},{"ancestorTitles":["guardrail — browser navigation"],"fullName":"guardrail — browser navigation rejects a denylist URL (business.facebook.com)","status":"passed","title":"rejects a denylist URL (business.facebook.com)","duration":190.45749999999998,"failureMessages":[],"meta":{}},{"ancestorTitles":["guardrail — browser navigation"],"fullName":"guardrail — browser navigation rejects a denylist URL (ads.google.com)","status":"passed","title":"rejects a denylist URL (ads.google.com)","duration":161.23779999999988,"failureMessages":[],"meta":{}},{"ancestorTitles":["guardrail — browser navigation"],"fullName":"guardrail — browser navigation rejects a denylist URL (github.com/*/settings)","status":"passed","title":"rejects a denylist URL (github.com/*/settings)","duration":140.32819999999992,"failureMessages":[],"meta":{}},{"ancestorTitles":["guardrail — browser navigation"],"fullName":"guardrail — browser navigation allows an allowlist URL (localhost:3000)","status":"passed","title":"allows an allowlist URL (localhost:3000)","duration":147.99009999999998,"failureMessages":[],"meta":{}},{"ancestorTitles":["guardrail — browser navigation"],"fullName":"guardrail — browser navigation allows an allowlist URL (127.0.0.1)","status":"passed","title":"allows an allowlist URL (127.0.0.1)","duration":170.04469999999992,"failureMessages":[],"meta":{}},{"ancestorTitles":["guardrail — browser navigation"],"fullName":"guardrail — browser navigation allows an allowlist URL (developers.facebook.com/docs)","status":"passed","title":"allows an allowlist URL (developers.facebook.com/docs)","duration":165.6273000000001,"failureMessages":[],"meta":{}},{"ancestorTitles":["guardrail — browser navigation"],"fullName":"guardrail — browser navigation allows an allowlist URL (developers.google.com/google-ads/api/docs)","status":"passed","title":"allows an allowlist URL (developers.google.com/google-ads/api/docs)","duration":226.7509,"failureMessages":[],"meta":{}},{"ancestorTitles":["guardrail — browser navigation"],"fullName":"guardrail — browser navigation allows an allowlist URL (vercel.com/docs)","status":"passed","title":"allows an allowlist URL (vercel.com/docs)","duration":211.60110000000032,"failureMessages":[],"meta":{}},{"ancestorTitles":["guardrail — browser navigation"],"fullName":"guardrail — browser navigation rejects an unlisted URL (not in allowlist → fail-closed)","status":"passed","title":"rejects an unlisted URL (not in allowlist → fail-closed)","duration":251.55700000000024,"failureMessages":[],"meta":{}},{"ancestorTitles":["guardrail — browser navigation"],"fullName":"guardrail — browser navigation allows a task with no URLs (e.g., interact with already-open page)","status":"passed","title":"allows a task with no URLs (e.g., interact with already-open page)","duration":232.16859999999997,"failureMessages":[],"meta":{}},{"ancestorTitles":["guardrail — browser navigation"],"fullName":"guardrail — browser navigation rejects if ANY URL in the task is denied (mixed URLs)","status":"passed","title":"rejects if ANY URL in the task is denied (mixed URLs)","duration":288.81140000000005,"failureMessages":[],"meta":{}},{"ancestorTitles":["guardrail — browser navigation"],"fullName":"guardrail — browser navigation rejects call_mcp_tool navigate_page with denied URL","status":"passed","title":"rejects call_mcp_tool navigate_page with denied URL","duration":154.74019999999973,"failureMessages":[],"meta":{}},{"ancestorTitles":["guardrail — browser navigation"],"fullName":"guardrail — browser navigation allows mcp_chrome-devtools-mcp_navigate_page with allowed URL","status":"passed","title":"allows mcp_chrome-devtools-mcp_navigate_page with allowed URL","duration":227.16779999999972,"failureMessages":[],"meta":{}},{"ancestorTitles":["guardrail — unknown tools"],"fullName":"guardrail — unknown tools denies an unknown tool (fail-closed)","status":"passed","title":"denies an unknown tool (fail-closed)","duration":253.71950000000015,"failureMessages":[],"meta":{}},{"ancestorTitles":["guardrail — command tools (regression)"],"fullName":"guardrail — command tools (regression) allows a safe command","status":"passed","title":"allows a safe command","duration":184.99839999999995,"failureMessages":[],"meta":{}},{"ancestorTitles":["guardrail — command tools (regression)"],"fullName":"guardrail — command tools (regression) blocks prisma db push","status":"passed","title":"blocks prisma db push","duration":119.45349999999962,"failureMessages":[],"meta":{}},{"ancestorTitles":["guardrail — command tools (regression)"],"fullName":"guardrail — command tools (regression) allows npm run build because build is schema-read-only","status":"passed","title":"allows npm run build because build is schema-read-only","duration":141.59029999999984,"failureMessages":[],"meta":{}},{"ancestorTitles":["guardrail — command tools (regression)"],"fullName":"guardrail — command tools (regression) allows SKIP_DB_SYNC=1 npx next build","status":"passed","title":"allows SKIP_DB_SYNC=1 npx next build","duration":140.09209999999985,"failureMessages":[],"meta":{}},{"ancestorTitles":["guardrail — command tools (regression)"],"fullName":"guardrail — command tools (regression) allows npx next build without legacy environment workarounds","status":"passed","title":"allows npx next build without legacy environment workarounds","duration":76.19080000000031,"failureMessages":[],"meta":{}}],"startTime":1786993827910,"endTime":1786993831943.191,"status":"passed","message":"","name":"D:/Proyectos/Zefirus/tests/guardrail.test.ts"},{"assertionResults":[{"ancestorTitles":["logger"],"fullName":"logger emite JSON con nivel, timestamp y mensaje","status":"passed","title":"emite JSON con nivel, timestamp y mensaje","duration":7.155700000000024,"failureMessages":[],"meta":{}},{"ancestorTitles":["logger"],"fullName":"logger serializa instancias de Error","status":"passed","title":"serializa instancias de Error","duration":6.836500000000001,"failureMessages":[],"meta":{}},{"ancestorTitles":["logger"],"fullName":"logger child() hereda el contexto base","status":"passed","title":"child() hereda el contexto base","duration":3.3501999999999725,"failureMessages":[],"meta":{}},{"ancestorTitles":["logger"],"fullName":"logger no revienta con contexto circular","status":"passed","title":"no revienta con contexto circular","duration":20.612300000000005,"failureMessages":[],"meta":{}}],"startTime":1786993828745,"endTime":1786993828783.6123,"status":"passed","message":"","name":"D:/Proyectos/Zefirus/tests/logger.test.ts"},{"assertionResults":[{"ancestorTitles":["meta-api-version"],"fullName":"meta-api-version no Graph API version is hardcoded outside lib/env.ts","status":"passed","title":"no Graph API version is hardcoded outside lib/env.ts","duration":216.28830000000005,"failureMessages":[],"meta":{}}],"startTime":1786993827865,"endTime":1786993828081.2883,"status":"passed","message":"","name":"D:/Proyectos/Zefirus/tests/meta-api-version.test.ts"},{"assertionResults":[{"ancestorTitles":["mapMetaError"],"fullName":"mapMetaError maps token expiry (code 190) to refresh_token","status":"passed","title":"maps token expiry (code 190) to refresh_token","duration":2.463700000000017,"failureMessages":[],"meta":{}},{"ancestorTitles":["mapMetaError"],"fullName":"mapMetaError maps transient codes (e.g. 613 rate limit) to retry_backoff + retryable","status":"passed","title":"maps transient codes (e.g. 613 rate limit) to retry_backoff + retryable","duration":0.45650000000000546,"failureMessages":[],"meta":{}},{"ancestorTitles":["mapMetaError"],"fullName":"mapMetaError maps permission codes (10) to check_scopes","status":"passed","title":"maps permission codes (10) to check_scopes","duration":0.25050000000010186,"failureMessages":[],"meta":{}},{"ancestorTitles":["mapMetaError"],"fullName":"mapMetaError maps policy codes (368) to human_intervention","status":"passed","title":"maps policy codes (368) to human_intervention","duration":0.23090000000001965,"failureMessages":[],"meta":{}},{"ancestorTitles":["mapMetaError"],"fullName":"mapMetaError maps dev-mode token subcode (2424009) to reconnect guidance","status":"passed","title":"maps dev-mode token subcode (2424009) to reconnect guidance","duration":0.2644999999999982,"failureMessages":[],"meta":{}},{"ancestorTitles":["mapMetaError"],"fullName":"mapMetaError accepts a bare error object (not nested under 'error')","status":"passed","title":"accepts a bare error object (not nested under 'error')","duration":0.23230000000000928,"failureMessages":[],"meta":{}},{"ancestorTitles":["mapMetaError"],"fullName":"mapMetaError falls back for unknown codes, surfacing the original message","status":"passed","title":"falls back for unknown codes, surfacing the original message","duration":0.384900000000016,"failureMessages":[],"meta":{}},{"ancestorTitles":["calculateDataQuality"],"fullName":"calculateDataQuality flags incomplete learning when data is < 3 days old","status":"passed","title":"flags incomplete learning when data is < 3 days old","duration":1.6272000000000162,"failureMessages":[],"meta":{}},{"ancestorTitles":["calculateDataQuality"],"fullName":"calculateDataQuality does not flag old data","status":"passed","title":"does not flag old data","duration":0.4800999999999931,"failureMessages":[],"meta":{}},{"ancestorTitles":["calculateDataQuality"],"fullName":"calculateDataQuality returns zeros when no until date is given","status":"passed","title":"returns zeros when no until date is given","duration":1.1761999999999944,"failureMessages":[],"meta":{}}],"startTime":1786993830883,"endTime":1786993830891.1763,"status":"passed","message":"","name":"D:/Proyectos/Zefirus/tests/meta-errors.test.ts"},{"assertionResults":[{"ancestorTitles":["metaFetch — camino único a la Graph API"],"fullName":"metaFetch — camino único a la Graph API manda el token por Authorization: Bearer, nunca en la URL","status":"passed","title":"manda el token por Authorization: Bearer, nunca en la URL","duration":9.361699999999928,"failureMessages":[],"meta":{}},{"ancestorTitles":["metaFetch — camino único a la Graph API"],"fullName":"metaFetch — camino único a la Graph API limpia access_token si alguien lo dejó en la URL (red de seguridad)","status":"passed","title":"limpia access_token si alguien lo dejó en la URL (red de seguridad)","duration":1.2654999999999745,"failureMessages":[],"meta":{}},{"ancestorTitles":["metaFetch — camino único a la Graph API"],"fullName":"metaFetch — camino único a la Graph API preserva method/body y headers extra","status":"passed","title":"preserva method/body y headers extra","duration":0.8833000000001903,"failureMessages":[],"meta":{}},{"ancestorTitles":["metaFetch — camino único a la Graph API"],"fullName":"metaFetch — camino único a la Graph API metaUrl construye URLs sin access_token","status":"passed","title":"metaUrl construye URLs sin access_token","duration":0.9073000000000775,"failureMessages":[],"meta":{}},{"ancestorTitles":["metaFetch — camino único a la Graph API"],"fullName":"metaFetch — camino único a la Graph API 403 por token/permisos (no rate-limit) NO se reintenta — falla rápido","status":"passed","title":"403 por token/permisos (no rate-limit) NO se reintenta — falla rápido","duration":4.442300000000159,"failureMessages":[],"meta":{}},{"ancestorTitles":["metaFetch — camino único a la Graph API"],"fullName":"metaFetch — camino único a la Graph API 403 con código de rate-limit (4) sí reintenta hasta tener éxito","status":"passed","title":"403 con código de rate-limit (4) sí reintenta hasta tener éxito","duration":8.324599999999919,"failureMessages":[],"meta":{}}],"startTime":1786993830025,"endTime":1786993830051.3247,"status":"passed","message":"","name":"D:/Proyectos/Zefirus/tests/meta-fetch.test.ts"},{"assertionResults":[{"ancestorTitles":["meta-scopes — fuente única"],"fullName":"meta-scopes — fuente única ningún módulo solicita permisos deprecados","status":"passed","title":"ningún módulo solicita permisos deprecados","duration":7.93240000000003,"failureMessages":[],"meta":{}},{"ancestorTitles":["meta-scopes — fuente única"],"fullName":"meta-scopes — fuente única required ⊆ scopes ∪ permissions en cada módulo","status":"passed","title":"required ⊆ scopes ∪ permissions en cada módulo","duration":1.038000000000011,"failureMessages":[],"meta":{}},{"ancestorTitles":["meta-scopes — fuente única"],"fullName":"meta-scopes — fuente única buildScopeString devuelve mínimos para módulos desconocidos","status":"passed","title":"buildScopeString devuelve mínimos para módulos desconocidos","duration":0.33350000000007185,"failureMessages":[],"meta":{}},{"ancestorTitles":["meta-scopes — fuente única"],"fullName":"meta-scopes — fuente única scopeGranted resuelve alias legacy en ambas direcciones","status":"passed","title":"scopeGranted resuelve alias legacy en ambas direcciones","duration":0.2864999999999327,"failureMessages":[],"meta":{}},{"ancestorTitles":["meta-scopes — fuente única"],"fullName":"meta-scopes — fuente única getRequiredScopes cae al set legacy 'meta' para módulos desconocidos","status":"passed","title":"getRequiredScopes cae al set legacy 'meta' para módulos desconocidos","duration":0.9350999999999203,"failureMessages":[],"meta":{}},{"ancestorTitles":["meta-scopes — fuente única"],"fullName":"meta-scopes — fuente única validateModulePermissions no marca faltante un permiso otorgado vía alias","status":"passed","title":"validateModulePermissions no marca faltante un permiso otorgado vía alias","duration":0.5045000000000073,"failureMessages":[],"meta":{}}],"startTime":1786993830142,"endTime":1786993830153.5044,"status":"passed","message":"","name":"D:/Proyectos/Zefirus/tests/meta-scopes.test.ts"},{"assertionResults":[{"ancestorTitles":["database migration safety"],"fullName":"database migration safety keeps db-sync as a connection-free refusal command","status":"passed","title":"keeps db-sync as a connection-free refusal command","duration":2.723100000000045,"failureMessages":[],"meta":{}},{"ancestorTitles":["database migration safety"],"fullName":"database migration safety does not couple build or release to schema mutation","status":"passed","title":"does not couple build or release to schema mutation","duration":1.2331000000000358,"failureMessages":[],"meta":{}},{"ancestorTitles":["database migration safety"],"fullName":"database migration safety requires a dedicated migration target without fallback","status":"passed","title":"requires a dedicated migration target without fallback","duration":0.74350000000004,"failureMessages":[],"meta":{}},{"ancestorTitles":["database migration safety"],"fullName":"database migration safety rejects missing, protected, and pooled-alias targets without logging secrets","status":"passed","title":"rejects missing, protected, and pooled-alias targets without logging secrets","duration":622.4257,"failureMessages":[],"meta":{}},{"ancestorTitles":["database migration safety"],"fullName":"database migration safety accepts a distinct synthetic clone in target-check mode","status":"passed","title":"accepts a distinct synthetic clone in target-check mode","duration":170.97120000000018,"failureMessages":[],"meta":{}},{"ancestorTitles":["database migration safety"],"fullName":"database migration safety keeps exactly one proven canonical baseline in the active chain","status":"passed","title":"keeps exactly one proven canonical baseline in the active chain","duration":3.932900000000018,"failureMessages":[],"meta":{}},{"ancestorTitles":["database migration safety"],"fullName":"database migration safety keeps all legacy migrations byte-identical in the non-executable archive","status":"passed","title":"keeps all legacy migrations byte-identical in the non-executable archive","duration":4.220500000000129,"failureMessages":[],"meta":{}},{"ancestorTitles":["database migration safety"],"fullName":"database migration safety keeps the active baseline additive and independent of temporary proof SQL","status":"passed","title":"keeps the active baseline additive and independent of temporary proof SQL","duration":3.505999999999858,"failureMessages":[],"meta":{}}],"startTime":1786993827850,"endTime":1786993828660.506,"status":"passed","message":"","name":"D:/Proyectos/Zefirus/tests/migration-safety.test.ts"},{"assertionResults":[{"ancestorTitles":["isoWeek"],"fullName":"isoWeek returns correct ISO week for a regular date","status":"passed","title":"returns correct ISO week for a regular date","duration":6.52800000000002,"failureMessages":[],"meta":{}},{"ancestorTitles":["isoWeek"],"fullName":"isoWeek handles ISO year boundary — Dec 31 2025 is in W01 of 2026","status":"passed","title":"handles ISO year boundary — Dec 31 2025 is in W01 of 2026","duration":0.40609999999992397,"failureMessages":[],"meta":{}},{"ancestorTitles":["isoWeek"],"fullName":"isoWeek handles start of year correctly","status":"passed","title":"handles start of year correctly","duration":0.2723999999999478,"failureMessages":[],"meta":{}},{"ancestorTitles":["isoWeek"],"fullName":"isoWeek handles mid-year dates","status":"passed","title":"handles mid-year dates","duration":0.24469999999996617,"failureMessages":[],"meta":{}},{"ancestorTitles":["isoWeek"],"fullName":"isoWeek returns week 52 or 53 for end of year","status":"passed","title":"returns week 52 or 53 for end of year","duration":0.39980000000002747,"failureMessages":[],"meta":{}},{"ancestorTitles":["weekLabel"],"fullName":"weekLabel formats week as human-readable label","status":"passed","title":"formats week as human-readable label","duration":0.27120000000002165,"failureMessages":[],"meta":{}},{"ancestorTitles":["weekLabel"],"fullName":"weekLabel handles single-digit week","status":"passed","title":"handles single-digit week","duration":0.22900000000004184,"failureMessages":[],"meta":{}},{"ancestorTitles":["metaAdAccountsFromChannels"],"fullName":"metaAdAccountsFromChannels extracts Meta ad account IDs from channel configs","status":"passed","title":"extracts Meta ad account IDs from channel configs","duration":1.1182000000000016,"failureMessages":[],"meta":{}},{"ancestorTitles":["metaAdAccountsFromChannels"],"fullName":"metaAdAccountsFromChannels strips act_ prefix","status":"passed","title":"strips act_ prefix","duration":0.32330000000001746,"failureMessages":[],"meta":{}},{"ancestorTitles":["metaAdAccountsFromChannels"],"fullName":"metaAdAccountsFromChannels deduplicates accounts","status":"passed","title":"deduplicates accounts","duration":0.3663999999999987,"failureMessages":[],"meta":{}},{"ancestorTitles":["metaAdAccountsFromChannels"],"fullName":"metaAdAccountsFromChannels ignores channels without adAccounts","status":"passed","title":"ignores channels without adAccounts","duration":0.23100000000010823,"failureMessages":[],"meta":{}},{"ancestorTitles":["metaAdAccountsFromChannels"],"fullName":"metaAdAccountsFromChannels ignores empty strings","status":"passed","title":"ignores empty strings","duration":0.21920000000000073,"failureMessages":[],"meta":{}}],"startTime":1786993830895,"endTime":1786993830906.231,"status":"passed","message":"","name":"D:/Proyectos/Zefirus/tests/mmm-ingest.test.ts"},{"assertionResults":[{"ancestorTitles":["module-status"],"fullName":"module-status parsed at least one module from registry","status":"passed","title":"parsed at least one module from registry","duration":2.066599999999994,"failureMessages":[],"meta":{}},{"ancestorTitles":["module-status"],"fullName":"module-status module \"google_ads\" (status: ready) has at least one data-reading route","status":"passed","title":"module \"google_ads\" (status: ready) has at least one data-reading route","duration":28.457499999999982,"failureMessages":[],"meta":{}}],"startTime":1786993828871,"endTime":1786993828901.4575,"status":"passed","message":"","name":"D:/Proyectos/Zefirus/tests/module-status.test.ts"},{"assertionResults":[{"ancestorTitles":["no-binary-docs"],"fullName":"no-binary-docs no file contains NUL bytes (0x00)","status":"passed","title":"no file contains NUL bytes (0x00)","duration":310.66200000000003,"failureMessages":[],"meta":{}},{"ancestorTitles":["no-binary-docs"],"fullName":"no-binary-docs no file contains mojibake (double-encoded UTF-8)","status":"passed","title":"no file contains mojibake (double-encoded UTF-8)","duration":317.2958000000001,"failureMessages":[],"meta":{}}],"startTime":1786993827826,"endTime":1786993828454.296,"status":"passed","message":"","name":"D:/Proyectos/Zefirus/tests/no-binary-docs.test.ts"},{"assertionResults":[{"ancestorTitles":["anti-secretos"],"fullName":"anti-secretos no hay credenciales embebidas en el código fuente","status":"passed","title":"no hay credenciales embebidas en el código fuente","duration":306.22170000000006,"failureMessages":[],"meta":{}}],"startTime":1786993827918,"endTime":1786993828224.2217,"status":"passed","message":"","name":"D:/Proyectos/Zefirus/tests/no-secrets.test.ts"},{"assertionResults":[{"ancestorTitles":["retrospective metric aggregation"],"fullName":"retrospective metric aggregation derives outcomes from canonical rows and honors provider scope","status":"passed","title":"derives outcomes from canonical rows and honors provider scope","duration":4.621099999999956,"failureMessages":[],"meta":{}},{"ancestorTitles":["retrospective metric aggregation"],"fullName":"retrospective metric aggregation reports prediction error, interval coverage and direction","status":"passed","title":"reports prediction error, interval coverage and direction","duration":0.5630999999999631,"failureMessages":[],"meta":{}},{"ancestorTitles":["retrospective metric aggregation"],"fullName":"retrospective metric aggregation evaluates supported guardrails without inventing unsupported metrics","status":"passed","title":"evaluates supported guardrails without inventing unsupported metrics","duration":4.758500000000026,"failureMessages":[],"meta":{}},{"ancestorTitles":["evaluation contract"],"fullName":"evaluation contract requires the correct immutable source for each evaluation mode","status":"passed","title":"requires the correct immutable source for each evaluation mode","duration":3.3337999999999965,"failureMessages":[],"meta":{}}],"startTime":1786993830615,"endTime":1786993830629.3337,"status":"passed","message":"","name":"D:/Proyectos/Zefirus/tests/optimization-evaluation.test.ts"},{"assertionResults":[{"ancestorTitles":["controlled optimization execution policy"],"fullName":"controlled optimization execution policy only admits the first reversible action surface","status":"passed","title":"only admits the first reversible action surface","duration":4.2403000000000475,"failureMessages":[],"meta":{}},{"ancestorTitles":["controlled optimization execution policy"],"fullName":"controlled optimization execution policy fails closed when the snapshot has no executable approval policy","status":"passed","title":"fails closed when the snapshot has no executable approval policy","duration":0.8144999999999527,"failureMessages":[],"meta":{}},{"ancestorTitles":["controlled optimization execution policy"],"fullName":"controlled optimization execution policy uses only the latest decision per approver and binds it to the action fingerprint","status":"passed","title":"uses only the latest decision per approver and binds it to the action fingerprint","duration":18.70410000000004,"failureMessages":[],"meta":{}},{"ancestorTitles":["controlled optimization execution policy"],"fullName":"controlled optimization execution policy normalizes account identifiers when deriving the remote fingerprint","status":"passed","title":"normalizes account identifiers when deriving the remote fingerprint","duration":1.2386000000000195,"failureMessages":[],"meta":{}}],"startTime":1786993828962,"endTime":1786993828987.2385,"status":"passed","message":"","name":"D:/Proyectos/Zefirus/tests/optimization-execution-policy.test.ts"},{"assertionResults":[{"ancestorTitles":["optimizatio
[...]
ls verifyWorkspaceAccess","duration":0.5076000000000249,"failureMessages":[],"meta":{}},{"ancestorTitles":["Tenant Isolation — Static per-handler (Layer 2)"],"fullName":"Tenant Isolation — Static per-handler (Layer 2) app/api/projects/[id]/route.ts imports and calls verifyWorkspaceAccess","status":"passed","title":"app/api/projects/[id]/route.ts imports and calls verifyWorkspaceAccess","duration":0.6401999999999362,"failureMessages":[],"meta":{}},{"ancestorTitles":["Tenant Isolation — Static per-handler (Layer 2)"],"fullName":"Tenant Isolation — Static per-handler (Layer 2) app/api/projects/[id]/token/route.ts imports and calls verifyWorkspaceAccess","status":"passed","title":"app/api/projects/[id]/token/route.ts imports and calls verifyWorkspaceAccess","duration":0.6798999999999751,"failureMessages":[],"meta":{}},{"ancestorTitles":["Tenant Isolation — Static per-handler (Layer 2)"],"fullName":"Tenant Isolation — Static per-handler (Layer 2) app/api/ops/[id]/route.ts imports and calls verifyProjectAccess|verifyWorkspaceAccess","status":"passed","title":"app/api/ops/[id]/route.ts imports and calls verifyProjectAccess|verifyWorkspaceAccess","duration":0.6548000000000229,"failureMessages":[],"meta":{}},{"ancestorTitles":["Tenant Isolation — Static per-handler (Layer 2)"],"fullName":"Tenant Isolation — Static per-handler (Layer 2) app/api/ops/[id]/comments/route.ts imports and calls verifyProjectAccess|verifyWorkspaceAccess","status":"passed","title":"app/api/ops/[id]/comments/route.ts imports and calls verifyProjectAccess|verifyWorkspaceAccess","duration":0.5217999999999847,"failureMessages":[],"meta":{}},{"ancestorTitles":["Tenant Isolation — Static per-handler (Layer 2)"],"fullName":"Tenant Isolation — Static per-handler (Layer 2) app/api/briefs/[id]/route.ts imports and calls verifyWorkspaceAccess","status":"passed","title":"app/api/briefs/[id]/route.ts imports and calls verifyWorkspaceAccess","duration":0.5475999999999885,"failureMessages":[],"meta":{}},{"ancestorTitles":["Tenant Isolation — Static per-handler (Layer 2)"],"fullName":"Tenant Isolation — Static per-handler (Layer 2) app/api/invite/[token]/route.ts (public) has safety pattern","status":"passed","title":"app/api/invite/[token]/route.ts (public) has safety pattern","duration":0.490099999999984,"failureMessages":[],"meta":{}},{"ancestorTitles":["Tenant Isolation — Static per-handler (Layer 2)"],"fullName":"Tenant Isolation — Static per-handler (Layer 2) app/api/public/project/[token]/route.ts (public) has safety pattern","status":"passed","title":"app/api/public/project/[token]/route.ts (public) has safety pattern","duration":0.355199999999968,"failureMessages":[],"meta":{}},{"ancestorTitles":["Tenant Isolation — Static per-handler (Layer 2)"],"fullName":"Tenant Isolation — Static per-handler (Layer 2) app/api/reportes/public/[slug]/route.ts (public) has safety pattern","status":"passed","title":"app/api/reportes/public/[slug]/route.ts (public) has safety pattern","duration":0.40380000000004657,"failureMessages":[],"meta":{}},{"ancestorTitles":["Tenant Isolation — Static per-handler (Layer 2)"],"fullName":"Tenant Isolation — Static per-handler (Layer 2) app/api/oauth/[provider]/callback/route.ts (public) has safety pattern","status":"passed","title":"app/api/oauth/[provider]/callback/route.ts (public) has safety pattern","duration":0.3834000000000515,"failureMessages":[],"meta":{}}],"startTime":1786993827934,"endTime":1786993828002.4038,"status":"passed","message":"","name":"D:/Proyectos/Zefirus/tests/tenant-isolation-functional.test.ts"},{"assertionResults":[{"ancestorTitles":["Tenant Isolation (Z9)"],"fullName":"Tenant Isolation (Z9) Cada ruta de API debe usar un patrón de aislamiento multi-tenant o estar en la lista blanca","status":"passed","title":"Cada ruta de API debe usar un patrón de aislamiento multi-tenant o estar en la lista blanca","duration":95.98789999999997,"failureMessages":[],"meta":{}}],"startTime":1786993827908,"endTime":1786993828003.9878,"status":"passed","message":"","name":"D:/Proyectos/Zefirus/tests/tenant-isolation.test.ts"},{"assertionResults":[{"ancestorTitles":["WorkflowConfigSchema (validación de escritura)"],"fullName":"WorkflowConfigSchema (validación de escritura) acepta un payload válido","status":"passed","title":"acepta un payload válido","duration":6.221900000000005,"failureMessages":[],"meta":{}},{"ancestorTitles":["WorkflowConfigSchema (validación de escritura)"],"fullName":"WorkflowConfigSchema (validación de escritura) aplica default requireLeadReview=true","status":"passed","title":"aplica default requireLeadReview=true","duration":1.0570999999999913,"failureMessages":[],"meta":{}},{"ancestorTitles":["WorkflowConfigSchema (validación de escritura)"],"fullName":"WorkflowConfigSchema (validación de escritura) rechaza áreas sin nombre","status":"passed","title":"rechaza áreas sin nombre","duration":2.0118999999999687,"failureMessages":[],"meta":{}},{"ancestorTitles":["WorkflowConfigSchema (validación de escritura)"],"fullName":"WorkflowConfigSchema (validación de escritura) rechaza slaHours negativos o no numéricos","status":"passed","title":"rechaza slaHours negativos o no numéricos","duration":1.4076000000000022,"failureMessages":[],"meta":{}},{"ancestorTitles":["WorkflowConfigSchema (validación de escritura)"],"fullName":"WorkflowConfigSchema (validación de escritura) rechaza permissions incompletos","status":"passed","title":"rechaza permissions incompletos","duration":2.469699999999989,"failureMessages":[],"meta":{}},{"ancestorTitles":["parseWorkflow (normalización de lectura)"],"fullName":"parseWorkflow (normalización de lectura) normaliza filas históricas con campos faltantes","status":"passed","title":"normaliza filas históricas con campos faltantes","duration":1.5375999999999976,"failureMessages":[],"meta":{}},{"ancestorTitles":["parseWorkflow (normalización de lectura)"],"fullName":"parseWorkflow (normalización de lectura) devuelve config vacía ante datos basura","status":"passed","title":"devuelve config vacía ante datos basura","duration":0.39809999999999945,"failureMessages":[],"meta":{}},{"ancestorTitles":["getPermissions"],"fullName":"getPermissions OWNER/ADMIN tienen acceso total","status":"passed","title":"OWNER/ADMIN tienen acceso total","duration":0.4009999999999536,"failureMessages":[],"meta":{}},{"ancestorTitles":["getPermissions"],"fullName":"getPermissions lead del área usa permissions.leaders (configurable)","status":"passed","title":"lead del área usa permissions.leaders (configurable)","duration":0.32920000000001437,"failureMessages":[],"meta":{}},{"ancestorTitles":["getPermissions"],"fullName":"getPermissions miembro del área usa permissions.members","status":"passed","title":"miembro del área usa permissions.members","duration":0.3045000000000755,"failureMessages":[],"meta":{}},{"ancestorTitles":["getPermissions"],"fullName":"getPermissions externo usa permissions.external","status":"passed","title":"externo usa permissions.external","duration":0.21320000000002892,"failureMessages":[],"meta":{}},{"ancestorTitles":["getPermissions"],"fullName":"getPermissions sin área configurada → acceso completo","status":"passed","title":"sin área configurada → acceso completo","duration":0.48889999999994416,"failureMessages":[],"meta":{}}],"startTime":1786993829771,"endTime":1786993829788.489,"status":"passed","message":"","name":"D:/Proyectos/Zefirus/tests/workflow-config.test.ts"},{"assertionResults":[{"ancestorTitles":["Model Capabilities"],"fullName":"Model Capabilities should satisfy when all required capabilities are present","status":"passed","title":"should satisfy when all required capabilities are present","duration":2.4586000000000467,"failureMessages":[],"meta":{}},{"ancestorTitles":["Model Capabilities"],"fullName":"Model Capabilities should fail when any required capability is missing","status":"passed","title":"should fail when any required capability is missing","duration":0.44860000000005584,"failureMessages":[],"meta":{}},{"ancestorTitles":["Model Capabilities"],"fullName":"Model Capabilities should ignore preferred capabilities for strict satisfaction","status":"passed","title":"should ignore preferred capabilities for strict satisfaction","duration":0.30759999999997945,"failureMessages":[],"meta":{}}],"startTime":1786993831559,"endTime":1786993831562.3076,"status":"passed","message":"","name":"D:/Proyectos/Zefirus/tests/ai/capabilities.test.ts"},{"assertionResults":[{"ancestorTitles":["Deterministic Evaluator"],"fullName":"Deterministic Evaluator should accept valid actions","status":"passed","title":"should accept valid actions","duration":2.981100000000083,"failureMessages":[],"meta":{}},{"ancestorTitles":["Deterministic Evaluator"],"fullName":"Deterministic Evaluator should reject actions for non-existent entities","status":"passed","title":"should reject actions for non-existent entities","duration":3.8675000000000637,"failureMessages":[],"meta":{}},{"ancestorTitles":["Deterministic Evaluator"],"fullName":"Deterministic Evaluator should reject actions with no evidence","status":"passed","title":"should reject actions with no evidence","duration":0.7939999999999827,"failureMessages":[],"meta":{}},{"ancestorTitles":["Deterministic Evaluator"],"fullName":"Deterministic Evaluator should reject unsupported action types","status":"passed","title":"should reject unsupported action types","duration":0.5760000000000218,"failureMessages":[],"meta":{}}],"startTime":1786993830973,"endTime":1786993830981.576,"status":"passed","message":"","name":"D:/Proyectos/Zefirus/tests/ai/evaluator.test.ts"},{"assertionResults":[{"ancestorTitles":["FinOps: Pricing"],"fullName":"FinOps: Pricing calculates cost accurately if pricing is found","status":"passed","title":"calculates cost accurately if pricing is found","duration":5.90059999999994,"failureMessages":[],"meta":{}},{"ancestorTitles":["FinOps: Pricing"],"fullName":"FinOps: Pricing returns null cost if pricing is unknown","status":"passed","title":"returns null cost if pricing is unknown","duration":0.6668999999999414,"failureMessages":[],"meta":{}},{"ancestorTitles":["FinOps: Entitlements & Reservations"],"fullName":"FinOps: Entitlements & Reservations checkEntitlement fails if workspace has no entitlement","status":"passed","title":"checkEntitlement fails if workspace has no entitlement","duration":0.6549999999999727,"failureMessages":[],"meta":{}},{"ancestorTitles":["FinOps: Entitlements & Reservations"],"fullName":"FinOps: Entitlements & Reservations checkEntitlement allows access if features match and under budget","status":"passed","title":"checkEntitlement allows access if features match and under budget","duration":0.5884000000000924,"failureMessages":[],"meta":{}},{"ancestorTitles":["FinOps: Entitlements & Reservations"],"fullName":"FinOps: Entitlements & Reservations checkEntitlement blocks access if over monthly budget","status":"passed","title":"checkEntitlement blocks access if over monthly budget","duration":3.0253000000000156,"failureMessages":[],"meta":{}},{"ancestorTitles":["FinOps: Entitlements & Reservations"],"fullName":"FinOps: Entitlements & Reservations reserve uses transaction and idempotencyKey correctly","status":"passed","title":"reserve uses transaction and idempotencyKey correctly","duration":3.1545000000000982,"failureMessages":[],"meta":{}},{"ancestorTitles":["FinOps: Entitlements & Reservations"],"fullName":"FinOps: Entitlements & Reservations reserve returns existing context if idempotencyKey exists (idempotent)","status":"passed","title":"reserve returns existing context if idempotencyKey exists (idempotent)","duration":1.1630999999999858,"failureMessages":[],"meta":{}},{"ancestorTitles":["FinOps: Entitlements & Reservations"],"fullName":"FinOps: Entitlements & Reservations settle marks request succeeded and creates usages using upsert for idempotency","status":"passed","title":"settle marks request succeeded and creates usages using upsert for idempotency","duration":7.821699999999964,"failureMessages":[],"meta":{}}],"startTime":1786993830233,"endTime":1786993830256.8218,"status":"passed","message":"","name":"D:/Proyectos/Zefirus/tests/ai/finops.test.ts"},{"assertionResults":[{"ancestorTitles":["AI Metering (metering.ts)","checkAiLimit"],"fullName":"AI Metering (metering.ts) checkAiLimit should return allowed: false if workspace not found","status":"passed","title":"should return allowed: false if workspace not found","duration":3.286200000000008,"failureMessages":[],"meta":{}},{"ancestorTitles":["AI Metering (metering.ts)","checkAiLimit"],"fullName":"AI Metering (metering.ts) checkAiLimit should return allowed: false if plan limit is exceeded","status":"passed","title":"should return allowed: false if plan limit is exceeded","duration":2.4332999999999174,"failureMessages":[],"meta":{}},{"ancestorTitles":["AI Metering (metering.ts)","checkAiLimit"],"fullName":"AI Metering (metering.ts) checkAiLimit should return allowed: true if limit is not exceeded","status":"passed","title":"should return allowed: true if limit is not exceeded","duration":0.6023999999999887,"failureMessages":[],"meta":{}},{"ancestorTitles":["AI Metering (metering.ts)","checkAiLimit"],"fullName":"AI Metering (metering.ts) checkAiLimit should fail-closed (return false) on DB error","status":"passed","title":"should fail-closed (return false) on DB error","duration":2.8239999999999554,"failureMessages":[],"meta":{}},{"ancestorTitles":["AI Metering (metering.ts)","recordAiUsage"],"fullName":"AI Metering (metering.ts) recordAiUsage should create aiUsage record successfully","status":"passed","title":"should create aiUsage record successfully","duration":8.867400000000089,"failureMessages":[],"meta":{}},{"ancestorTitles":["AI Metering (metering.ts)","recordAiUsage"],"fullName":"AI Metering (metering.ts) recordAiUsage should log error but not throw if create fails","status":"passed","title":"should log error but not throw if create fails","duration":2.2834000000000287,"failureMessages":[],"meta":{}}],"startTime":1786993829666,"endTime":1786993829687.2834,"status":"passed","message":"","name":"D:/Proyectos/Zefirus/tests/ai/metering.test.ts"},{"assertionResults":[{"ancestorTitles":["AI Orchestration Pipeline"],"fullName":"AI Orchestration Pipeline should process a context and output safe ProposedActions without executing them","status":"failed","title":"should process a context and output safe ProposedActions without executing them","duration":15.867600000000039,"failureMessages":["Error: Failed to generate optimization plan\n    at Module.orchestrateOptimization (D:\\Proyectos\\Zefirus\\lib\\optimization\\ai\\orchestrator.ts:37:11)\n    at processTicksAndRejections (node:internal/process/task_queues:104:5)\n    at D:\\Proyectos\\Zefirus\\tests\\ai\\orchestration.test.ts:111:29\n    at file:///D:/Proyectos/Zefirus/node_modules/@vitest/runner/dist/chunk-hooks.js:752:20"],"meta":{}}],"startTime":1786993828593,"endTime":1786993828608.8677,"status":"failed","message":"","name":"D:/Proyectos/Zefirus/tests/ai/orchestration.test.ts"},{"assertionResults":[{"ancestorTitles":["AI Router (registry.ts)","getActiveProvider"],"fullName":"AI Router (registry.ts) getActiveProvider should return Gemini as preferred if configured","status":"passed","title":"should return Gemini as preferred if configured","duration":3.4190999999999576,"failureMessages":[],"meta":{}},{"ancestorTitles":["AI Router (registry.ts)","getActiveProvider"],"fullName":"AI Router (registry.ts) getActiveProvider should fallback to Anthropic if Gemini is not configured","status":"passed","title":"should fallback to Anthropic if Gemini is not configured","duration":0.7150000000000318,"failureMessages":[],"meta":{}},{"ancestorTitles":["AI Router (registry.ts)","getActiveProvider"],"fullName":"AI Router (registry.ts) getActiveProvider should fallback to OpenAI if Gemini and Anthropic are not configured","status":"passed","title":"should fallback to OpenAI if Gemini and Anthropic are not configured","duration":1.8192000000000235,"failureMessages":[],"meta":{}},{"ancestorTitles":["AI Router (registry.ts)","getActiveProvider"],"fullName":"AI Router (registry.ts) getActiveProvider should return gemini if nothing is configured (default fallback)","status":"passed","title":"should return gemini if nothing is configured (default fallback)","duration":0.7894000000000005,"failureMessages":[],"meta":{}},{"ancestorTitles":["AI Router (registry.ts)","hasAnyProvider"],"fullName":"AI Router (registry.ts) hasAnyProvider should return true if at least one is configured","status":"passed","title":"should return true if at least one is configured","duration":0.8711999999999307,"failureMessages":[],"meta":{}},{"ancestorTitles":["AI Router (registry.ts)","hasAnyProvider"],"fullName":"AI Router (registry.ts) hasAnyProvider should return false if none are configured","status":"passed","title":"should return false if none are configured","duration":0.5423000000000684,"failureMessages":[],"meta":{}},{"ancestorTitles":["AI Router (registry.ts)","getWorkspaceAiProvider"],"fullName":"AI Router (registry.ts) getWorkspaceAiProvider should return workspace preferred provider if it exists and is configured","status":"passed","title":"should return workspace preferred provider if it exists and is configured","duration":2.233600000000024,"failureMessages":[],"meta":{}},{"ancestorTitles":["AI Router (registry.ts)","getWorkspaceAiProvider"],"fullName":"AI Router (registry.ts) getWorkspaceAiProvider should fallback to getActiveProvider if workspace preference is not configured in env","status":"passed","title":"should fallback to getActiveProvider if workspace preference is not configured in env","duration":0.6535000000000082,"failureMessages":[],"meta":{}},{"ancestorTitles":["AI Router (registry.ts)","getWorkspaceAiProvider"],"fullName":"AI Router (registry.ts) getWorkspaceAiProvider should fallback to getActiveProvider if DB fails","status":"passed","title":"should fallback to getActiveProvider if DB fails","duration":3.2163999999999078,"failureMessages":[],"meta":{}}],"startTime":1786993830773,"endTime":1786993830788.2163,"status":"passed","message":"","name":"D:/Proyectos/Zefirus/tests/ai/router.test.ts"},{"assertionResults":[{"ancestorTitles":["Stripe Stage 8 Billing Matrix"],"fullName":"Stripe Stage 8 Billing Matrix fails safely when STRIPE_SECRET_KEY is missing in production","status":"passed","title":"fails safely when STRIPE_SECRET_KEY is missing in production","duration":3.896699999999896,"failureMessages":[],"meta":{}},{"ancestorTitles":["Stripe Stage 8 Billing Matrix"],"fullName":"Stripe Stage 8 Billing Matrix allows mock provider init in development without keys","status":"passed","title":"allows mock provider init in development without keys","duration":10.088599999999929,"failureMessages":[],"meta":{}},{"ancestorTitles":["Stripe Stage 8 Billing Matrix","Outbox Dispatcher"],"fullName":"Stripe Stage 8 Billing Matrix Outbox Dispatcher dispatches PENDING events and marks them SENT","status":"passed","title":"dispatches PENDING events and marks them SENT","duration":8.255400000000009,"failureMessages":[],"meta":{}},{"ancestorTitles":["Stripe Stage 8 Billing Matrix","Outbox Dispatcher"],"fullName":"Stripe Stage 8 Billing Matrix Outbox Dispatcher marks events FAILED on Stripe error and increments attempts","status":"passed","title":"marks events FAILED on Stripe error and increments attempts","duration":10.125600000000077,"failureMessages":[],"meta":{}},{"ancestorTitles":["Stripe Stage 8 Billing Matrix","Outbox Dispatcher"],"fullName":"Stripe Stage 8 Billing Matrix Outbox Dispatcher prevents concurrent dispatch of the same pending event","status":"passed","title":"prevents concurrent dispatch of the same pending event","duration":2.5482000000000653,"failureMessages":[],"meta":{}}],"startTime":1786993829082,"endTime":1786993829116.548,"status":"passed","message":"","name":"D:/Proyectos/Zefirus/tests/ai/stripe-billing.test.ts"}]}